{"/Users/macbook/Desktop/CodeTest/server/test/specs/User/User.js":{"path":"/Users/macbook/Desktop/CodeTest/server/test/specs/User/User.js","statementMap":{"0":{"start":{"line":3,"column":19},"end":{"line":3,"column":55}},"1":{"start":{"line":5,"column":20},"end":{"line":5,"column":56}},"2":{"start":{"line":7,"column":25},"end":{"line":7,"column":74}},"3":{"start":{"line":9,"column":25},"end":{"line":9,"column":67}},"4":{"start":{"line":11,"column":18},"end":{"line":11,"column":51}},"5":{"start":{"line":13,"column":39},"end":{"line":13,"column":93}},"6":{"start":{"line":15,"column":12},"end":{"line":15,"column":28}},"7":{"start":{"line":21,"column":16},"end":{"line":21,"column":36}},"8":{"start":{"line":22,"column":11},"end":{"line":22,"column":55}},"9":{"start":{"line":23,"column":11},"end":{"line":23,"column":67}},"10":{"start":{"line":24,"column":19},"end":{"line":24,"column":71}},"11":{"start":{"line":25,"column":19},"end":{"line":25,"column":75}},"12":{"start":{"line":26,"column":19},"end":{"line":26,"column":72}},"13":{"start":{"line":28,"column":0},"end":{"line":367,"column":3}},"14":{"start":{"line":29,"column":21},"end":{"line":29,"column":23}},"15":{"start":{"line":30,"column":26},"end":{"line":30,"column":28}},"16":{"start":{"line":31,"column":20},"end":{"line":31,"column":22}},"17":{"start":{"line":32,"column":18},"end":{"line":32,"column":20}},"18":{"start":{"line":33,"column":23},"end":{"line":33,"column":29}},"19":{"start":{"line":34,"column":15},"end":{"line":34,"column":54}},"20":{"start":{"line":35,"column":27},"end":{"line":35,"column":44}},"21":{"start":{"line":36,"column":17},"end":{"line":36,"column":44}},"22":{"start":{"line":37,"column":17},"end":{"line":37,"column":44}},"23":{"start":{"line":38,"column":13},"end":{"line":38,"column":36}},"24":{"start":{"line":39,"column":30},"end":{"line":39,"column":58}},"25":{"start":{"line":40,"column":20},"end":{"line":40,"column":53}},"26":{"start":{"line":41,"column":13},"end":{"line":41,"column":39}},"27":{"start":{"line":42,"column":24},"end":{"line":42,"column":61}},"28":{"start":{"line":43,"column":17},"end":{"line":43,"column":47}},"29":{"start":{"line":44,"column":30},"end":{"line":44,"column":59}},"30":{"start":{"line":45,"column":17},"end":{"line":45,"column":47}},"31":{"start":{"line":46,"column":21},"end":{"line":46,"column":55}},"32":{"start":{"line":49,"column":2},"end":{"line":71,"column":5}},"33":{"start":{"line":50,"column":4},"end":{"line":70,"column":9}},"34":{"start":{"line":52,"column":6},"end":{"line":69,"column":29}},"35":{"start":{"line":53,"column":8},"end":{"line":68,"column":9}},"36":{"start":{"line":54,"column":10},"end":{"line":67,"column":11}},"37":{"start":{"line":56,"column":14},"end":{"line":56,"column":32}},"38":{"start":{"line":57,"column":14},"end":{"line":57,"column":63}},"39":{"start":{"line":60,"column":14},"end":{"line":60,"column":34}},"40":{"start":{"line":62,"column":14},"end":{"line":62,"column":70}},"41":{"start":{"line":66,"column":14},"end":{"line":66,"column":37}},"42":{"start":{"line":73,"column":2},"end":{"line":96,"column":5}},"43":{"start":{"line":74,"column":4},"end":{"line":95,"column":9}},"44":{"start":{"line":76,"column":6},"end":{"line":94,"column":30}},"45":{"start":{"line":77,"column":8},"end":{"line":93,"column":9}},"46":{"start":{"line":78,"column":10},"end":{"line":92,"column":11}},"47":{"start":{"line":80,"column":14},"end":{"line":80,"column":33}},"48":{"start":{"line":81,"column":14},"end":{"line":81,"column":56}},"49":{"start":{"line":84,"column":14},"end":{"line":84,"column":35}},"50":{"start":{"line":86,"column":14},"end":{"line":86,"column":49}},"51":{"start":{"line":87,"column":14},"end":{"line":87,"column":65}},"52":{"start":{"line":91,"column":14},"end":{"line":91,"column":38}},"53":{"start":{"line":98,"column":2},"end":{"line":120,"column":5}},"54":{"start":{"line":99,"column":4},"end":{"line":119,"column":9}},"55":{"start":{"line":101,"column":6},"end":{"line":118,"column":30}},"56":{"start":{"line":102,"column":8},"end":{"line":117,"column":9}},"57":{"start":{"line":103,"column":10},"end":{"line":116,"column":11}},"58":{"start":{"line":105,"column":14},"end":{"line":105,"column":33}},"59":{"start":{"line":106,"column":14},"end":{"line":106,"column":52}},"60":{"start":{"line":109,"column":14},"end":{"line":109,"column":35}},"61":{"start":{"line":111,"column":14},"end":{"line":111,"column":65}},"62":{"start":{"line":115,"column":14},"end":{"line":115,"column":38}},"63":{"start":{"line":122,"column":2},"end":{"line":144,"column":5}},"64":{"start":{"line":123,"column":4},"end":{"line":143,"column":9}},"65":{"start":{"line":125,"column":6},"end":{"line":142,"column":30}},"66":{"start":{"line":126,"column":8},"end":{"line":141,"column":9}},"67":{"start":{"line":127,"column":10},"end":{"line":140,"column":11}},"68":{"start":{"line":129,"column":14},"end":{"line":129,"column":33}},"69":{"start":{"line":130,"column":14},"end":{"line":130,"column":106}},"70":{"start":{"line":133,"column":14},"end":{"line":133,"column":35}},"71":{"start":{"line":135,"column":14},"end":{"line":135,"column":65}},"72":{"start":{"line":139,"column":14},"end":{"line":139,"column":38}},"73":{"start":{"line":146,"column":2},"end":{"line":170,"column":5}},"74":{"start":{"line":147,"column":4},"end":{"line":169,"column":9}},"75":{"start":{"line":149,"column":6},"end":{"line":168,"column":30}},"76":{"start":{"line":150,"column":8},"end":{"line":167,"column":9}},"77":{"start":{"line":151,"column":10},"end":{"line":166,"column":11}},"78":{"start":{"line":153,"column":14},"end":{"line":153,"column":33}},"79":{"start":{"line":154,"column":14},"end":{"line":154,"column":100}},"80":{"start":{"line":157,"column":14},"end":{"line":157,"column":35}},"81":{"start":{"line":159,"column":14},"end":{"line":159,"column":44}},"82":{"start":{"line":160,"column":14},"end":{"line":160,"column":61}},"83":{"start":{"line":161,"column":14},"end":{"line":161,"column":65}},"84":{"start":{"line":165,"column":14},"end":{"line":165,"column":38}},"85":{"start":{"line":172,"column":2},"end":{"line":194,"column":5}},"86":{"start":{"line":173,"column":4},"end":{"line":193,"column":9}},"87":{"start":{"line":175,"column":6},"end":{"line":192,"column":30}},"88":{"start":{"line":176,"column":8},"end":{"line":191,"column":9}},"89":{"start":{"line":177,"column":10},"end":{"line":190,"column":11}},"90":{"start":{"line":179,"column":14},"end":{"line":179,"column":33}},"91":{"start":{"line":180,"column":14},"end":{"line":180,"column":62}},"92":{"start":{"line":183,"column":14},"end":{"line":183,"column":35}},"93":{"start":{"line":185,"column":14},"end":{"line":185,"column":65}},"94":{"start":{"line":189,"column":14},"end":{"line":189,"column":38}},"95":{"start":{"line":196,"column":2},"end":{"line":219,"column":5}},"96":{"start":{"line":197,"column":4},"end":{"line":218,"column":9}},"97":{"start":{"line":199,"column":6},"end":{"line":217,"column":30}},"98":{"start":{"line":200,"column":8},"end":{"line":216,"column":9}},"99":{"start":{"line":201,"column":10},"end":{"line":215,"column":11}},"100":{"start":{"line":203,"column":14},"end":{"line":203,"column":33}},"101":{"start":{"line":204,"column":14},"end":{"line":204,"column":62}},"102":{"start":{"line":207,"column":14},"end":{"line":207,"column":35}},"103":{"start":{"line":209,"column":14},"end":{"line":209,"column":45}},"104":{"start":{"line":210,"column":14},"end":{"line":210,"column":65}},"105":{"start":{"line":214,"column":14},"end":{"line":214,"column":38}},"106":{"start":{"line":221,"column":2},"end":{"line":243,"column":5}},"107":{"start":{"line":222,"column":4},"end":{"line":242,"column":9}},"108":{"start":{"line":224,"column":6},"end":{"line":241,"column":30}},"109":{"start":{"line":225,"column":8},"end":{"line":240,"column":9}},"110":{"start":{"line":226,"column":10},"end":{"line":239,"column":11}},"111":{"start":{"line":228,"column":14},"end":{"line":228,"column":33}},"112":{"start":{"line":229,"column":14},"end":{"line":229,"column":111}},"113":{"start":{"line":232,"column":14},"end":{"line":232,"column":35}},"114":{"start":{"line":234,"column":14},"end":{"line":234,"column":65}},"115":{"start":{"line":238,"column":14},"end":{"line":238,"column":38}},"116":{"start":{"line":245,"column":2},"end":{"line":270,"column":5}},"117":{"start":{"line":246,"column":4},"end":{"line":269,"column":9}},"118":{"start":{"line":248,"column":6},"end":{"line":268,"column":30}},"119":{"start":{"line":249,"column":8},"end":{"line":267,"column":9}},"120":{"start":{"line":250,"column":10},"end":{"line":266,"column":11}},"121":{"start":{"line":252,"column":14},"end":{"line":252,"column":39}},"122":{"start":{"line":253,"column":14},"end":{"line":253,"column":55}},"123":{"start":{"line":254,"column":14},"end":{"line":254,"column":33}},"124":{"start":{"line":255,"column":14},"end":{"line":255,"column":66}},"125":{"start":{"line":258,"column":14},"end":{"line":258,"column":35}},"126":{"start":{"line":260,"column":14},"end":{"line":260,"column":54}},"127":{"start":{"line":261,"column":14},"end":{"line":261,"column":65}},"128":{"start":{"line":265,"column":14},"end":{"line":265,"column":38}},"129":{"start":{"line":272,"column":2},"end":{"line":294,"column":5}},"130":{"start":{"line":273,"column":4},"end":{"line":293,"column":9}},"131":{"start":{"line":275,"column":6},"end":{"line":292,"column":31}},"132":{"start":{"line":276,"column":8},"end":{"line":291,"column":9}},"133":{"start":{"line":277,"column":10},"end":{"line":290,"column":11}},"134":{"start":{"line":279,"column":14},"end":{"line":279,"column":34}},"135":{"start":{"line":280,"column":14},"end":{"line":280,"column":64}},"136":{"start":{"line":283,"column":14},"end":{"line":283,"column":36}},"137":{"start":{"line":285,"column":14},"end":{"line":285,"column":65}},"138":{"start":{"line":289,"column":14},"end":{"line":289,"column":39}},"139":{"start":{"line":296,"column":2},"end":{"line":318,"column":5}},"140":{"start":{"line":297,"column":4},"end":{"line":317,"column":9}},"141":{"start":{"line":299,"column":6},"end":{"line":316,"column":31}},"142":{"start":{"line":300,"column":8},"end":{"line":315,"column":9}},"143":{"start":{"line":301,"column":10},"end":{"line":314,"column":11}},"144":{"start":{"line":303,"column":14},"end":{"line":303,"column":34}},"145":{"start":{"line":304,"column":14},"end":{"line":304,"column":80}},"146":{"start":{"line":307,"column":14},"end":{"line":307,"column":36}},"147":{"start":{"line":309,"column":14},"end":{"line":309,"column":65}},"148":{"start":{"line":313,"column":14},"end":{"line":313,"column":39}},"149":{"start":{"line":320,"column":2},"end":{"line":342,"column":5}},"150":{"start":{"line":321,"column":4},"end":{"line":341,"column":9}},"151":{"start":{"line":323,"column":6},"end":{"line":340,"column":31}},"152":{"start":{"line":324,"column":8},"end":{"line":339,"column":9}},"153":{"start":{"line":325,"column":10},"end":{"line":338,"column":11}},"154":{"start":{"line":327,"column":14},"end":{"line":327,"column":34}},"155":{"start":{"line":328,"column":14},"end":{"line":328,"column":65}},"156":{"start":{"line":331,"column":14},"end":{"line":331,"column":36}},"157":{"start":{"line":333,"column":14},"end":{"line":333,"column":65}},"158":{"start":{"line":337,"column":14},"end":{"line":337,"column":39}},"159":{"start":{"line":344,"column":2},"end":{"line":366,"column":5}},"160":{"start":{"line":345,"column":4},"end":{"line":365,"column":9}},"161":{"start":{"line":347,"column":6},"end":{"line":364,"column":31}},"162":{"start":{"line":348,"column":8},"end":{"line":363,"column":9}},"163":{"start":{"line":349,"column":10},"end":{"line":362,"column":11}},"164":{"start":{"line":351,"column":14},"end":{"line":351,"column":34}},"165":{"start":{"line":352,"column":14},"end":{"line":352,"column":51}},"166":{"start":{"line":355,"column":14},"end":{"line":355,"column":36}},"167":{"start":{"line":357,"column":14},"end":{"line":357,"column":65}},"168":{"start":{"line":361,"column":14},"end":{"line":361,"column":39}}},"fnMap":{"0":{"name":"_interopRequireDefault","decl":{"start":{"line":13,"column":9},"end":{"line":13,"column":31}},"loc":{"start":{"line":13,"column":37},"end":{"line":13,"column":95}},"line":13},"1":{"name":"(anonymous_1)","decl":{"start":{"line":28,"column":47},"end":{"line":28,"column":48}},"loc":{"start":{"line":28,"column":59},"end":{"line":367,"column":1}},"line":28},"2":{"name":"(anonymous_2)","decl":{"start":{"line":49,"column":42},"end":{"line":49,"column":43}},"loc":{"start":{"line":49,"column":54},"end":{"line":71,"column":3}},"line":49},"3":{"name":"_callee","decl":{"start":{"line":50,"column":108},"end":{"line":50,"column":115}},"loc":{"start":{"line":50,"column":118},"end":{"line":70,"column":5}},"line":50},"4":{"name":"_callee$","decl":{"start":{"line":52,"column":49},"end":{"line":52,"column":57}},"loc":{"start":{"line":52,"column":68},"end":{"line":69,"column":7}},"line":52},"5":{"name":"(anonymous_5)","decl":{"start":{"line":73,"column":41},"end":{"line":73,"column":42}},"loc":{"start":{"line":73,"column":53},"end":{"line":96,"column":3}},"line":73},"6":{"name":"_callee2","decl":{"start":{"line":74,"column":103},"end":{"line":74,"column":111}},"loc":{"start":{"line":74,"column":114},"end":{"line":95,"column":5}},"line":74},"7":{"name":"_callee2$","decl":{"start":{"line":76,"column":49},"end":{"line":76,"column":58}},"loc":{"start":{"line":76,"column":70},"end":{"line":94,"column":7}},"line":76},"8":{"name":"(anonymous_8)","decl":{"start":{"line":98,"column":36},"end":{"line":98,"column":37}},"loc":{"start":{"line":98,"column":48},"end":{"line":120,"column":3}},"line":98},"9":{"name":"_callee3","decl":{"start":{"line":99,"column":111},"end":{"line":99,"column":119}},"loc":{"start":{"line":99,"column":122},"end":{"line":119,"column":5}},"line":99},"10":{"name":"_callee3$","decl":{"start":{"line":101,"column":49},"end":{"line":101,"column":58}},"loc":{"start":{"line":101,"column":70},"end":{"line":118,"column":7}},"line":101},"11":{"name":"(anonymous_11)","decl":{"start":{"line":122,"column":43},"end":{"line":122,"column":44}},"loc":{"start":{"line":122,"column":55},"end":{"line":144,"column":3}},"line":122},"12":{"name":"_callee4","decl":{"start":{"line":123,"column":108},"end":{"line":123,"column":116}},"loc":{"start":{"line":123,"column":119},"end":{"line":143,"column":5}},"line":123},"13":{"name":"_callee4$","decl":{"start":{"line":125,"column":49},"end":{"line":125,"column":58}},"loc":{"start":{"line":125,"column":70},"end":{"line":142,"column":7}},"line":125},"14":{"name":"(anonymous_14)","decl":{"start":{"line":146,"column":45},"end":{"line":146,"column":46}},"loc":{"start":{"line":146,"column":57},"end":{"line":170,"column":3}},"line":146},"15":{"name":"_callee5","decl":{"start":{"line":147,"column":108},"end":{"line":147,"column":116}},"loc":{"start":{"line":147,"column":119},"end":{"line":169,"column":5}},"line":147},"16":{"name":"_callee5$","decl":{"start":{"line":149,"column":49},"end":{"line":149,"column":58}},"loc":{"start":{"line":149,"column":70},"end":{"line":168,"column":7}},"line":149},"17":{"name":"(anonymous_17)","decl":{"start":{"line":172,"column":39},"end":{"line":172,"column":40}},"loc":{"start":{"line":172,"column":51},"end":{"line":194,"column":3}},"line":172},"18":{"name":"_callee6","decl":{"start":{"line":173,"column":112},"end":{"line":173,"column":120}},"loc":{"start":{"line":173,"column":123},"end":{"line":193,"column":5}},"line":173},"19":{"name":"_callee6$","decl":{"start":{"line":175,"column":49},"end":{"line":175,"column":58}},"loc":{"start":{"line":175,"column":70},"end":{"line":192,"column":7}},"line":175},"20":{"name":"(anonymous_20)","decl":{"start":{"line":196,"column":39},"end":{"line":196,"column":40}},"loc":{"start":{"line":196,"column":51},"end":{"line":219,"column":3}},"line":196},"21":{"name":"_callee7","decl":{"start":{"line":197,"column":112},"end":{"line":197,"column":120}},"loc":{"start":{"line":197,"column":123},"end":{"line":218,"column":5}},"line":197},"22":{"name":"_callee7$","decl":{"start":{"line":199,"column":49},"end":{"line":199,"column":58}},"loc":{"start":{"line":199,"column":70},"end":{"line":217,"column":7}},"line":199},"23":{"name":"(anonymous_23)","decl":{"start":{"line":221,"column":46},"end":{"line":221,"column":47}},"loc":{"start":{"line":221,"column":58},"end":{"line":243,"column":3}},"line":221},"24":{"name":"_callee8","decl":{"start":{"line":222,"column":111},"end":{"line":222,"column":119}},"loc":{"start":{"line":222,"column":122},"end":{"line":242,"column":5}},"line":222},"25":{"name":"_callee8$","decl":{"start":{"line":224,"column":49},"end":{"line":224,"column":58}},"loc":{"start":{"line":224,"column":70},"end":{"line":241,"column":7}},"line":224},"26":{"name":"(anonymous_26)","decl":{"start":{"line":245,"column":42},"end":{"line":245,"column":43}},"loc":{"start":{"line":245,"column":54},"end":{"line":270,"column":3}},"line":245},"27":{"name":"_callee9","decl":{"start":{"line":246,"column":103},"end":{"line":246,"column":111}},"loc":{"start":{"line":246,"column":114},"end":{"line":269,"column":5}},"line":246},"28":{"name":"_callee9$","decl":{"start":{"line":248,"column":49},"end":{"line":248,"column":58}},"loc":{"start":{"line":248,"column":70},"end":{"line":268,"column":7}},"line":248},"29":{"name":"(anonymous_29)","decl":{"start":{"line":272,"column":44},"end":{"line":272,"column":45}},"loc":{"start":{"line":272,"column":56},"end":{"line":294,"column":3}},"line":272},"30":{"name":"_callee10","decl":{"start":{"line":273,"column":109},"end":{"line":273,"column":118}},"loc":{"start":{"line":273,"column":121},"end":{"line":293,"column":5}},"line":273},"31":{"name":"_callee10$","decl":{"start":{"line":275,"column":49},"end":{"line":275,"column":59}},"loc":{"start":{"line":275,"column":72},"end":{"line":292,"column":7}},"line":275},"32":{"name":"(anonymous_32)","decl":{"start":{"line":296,"column":42},"end":{"line":296,"column":43}},"loc":{"start":{"line":296,"column":54},"end":{"line":318,"column":3}},"line":296},"33":{"name":"_callee11","decl":{"start":{"line":297,"column":109},"end":{"line":297,"column":118}},"loc":{"start":{"line":297,"column":121},"end":{"line":317,"column":5}},"line":297},"34":{"name":"_callee11$","decl":{"start":{"line":299,"column":49},"end":{"line":299,"column":59}},"loc":{"start":{"line":299,"column":72},"end":{"line":316,"column":7}},"line":299},"35":{"name":"(anonymous_35)","decl":{"start":{"line":320,"column":49},"end":{"line":320,"column":50}},"loc":{"start":{"line":320,"column":61},"end":{"line":342,"column":3}},"line":320},"36":{"name":"_callee12","decl":{"start":{"line":321,"column":111},"end":{"line":321,"column":120}},"loc":{"start":{"line":321,"column":123},"end":{"line":341,"column":5}},"line":321},"37":{"name":"_callee12$","decl":{"start":{"line":323,"column":49},"end":{"line":323,"column":59}},"loc":{"start":{"line":323,"column":72},"end":{"line":340,"column":7}},"line":323},"38":{"name":"(anonymous_38)","decl":{"start":{"line":344,"column":46},"end":{"line":344,"column":47}},"loc":{"start":{"line":344,"column":58},"end":{"line":366,"column":3}},"line":344},"39":{"name":"_callee13","decl":{"start":{"line":345,"column":109},"end":{"line":345,"column":118}},"loc":{"start":{"line":345,"column":121},"end":{"line":365,"column":5}},"line":345},"40":{"name":"_callee13$","decl":{"start":{"line":347,"column":49},"end":{"line":347,"column":59}},"loc":{"start":{"line":347,"column":72},"end":{"line":364,"column":7}},"line":347}},"branchMap":{"0":{"loc":{"start":{"line":13,"column":46},"end":{"line":13,"column":92}},"type":"cond-expr","locations":[{"start":{"line":13,"column":70},"end":{"line":13,"column":73}},{"start":{"line":13,"column":76},"end":{"line":13,"column":92}}],"line":13},"1":{"loc":{"start":{"line":13,"column":46},"end":{"line":13,"column":67}},"type":"binary-expr","locations":[{"start":{"line":13,"column":46},"end":{"line":13,"column":49}},{"start":{"line":13,"column":53},"end":{"line":13,"column":67}}],"line":13},"2":{"loc":{"start":{"line":54,"column":10},"end":{"line":67,"column":11}},"type":"switch","locations":[{"start":{"line":55,"column":12},"end":{"line":57,"column":63}},{"start":{"line":59,"column":12},"end":{"line":62,"column":70}},{"start":{"line":64,"column":12},"end":{"line":64,"column":19}},{"start":{"line":65,"column":12},"end":{"line":66,"column":37}}],"line":54},"3":{"loc":{"start":{"line":78,"column":10},"end":{"line":92,"column":11}},"type":"switch","locations":[{"start":{"line":79,"column":12},"end":{"line":81,"column":56}},{"start":{"line":83,"column":12},"end":{"line":87,"column":65}},{"start":{"line":89,"column":12},"end":{"line":89,"column":19}},{"start":{"line":90,"column":12},"end":{"line":91,"column":38}}],"line":78},"4":{"loc":{"start":{"line":103,"column":10},"end":{"line":116,"column":11}},"type":"switch","locations":[{"start":{"line":104,"column":12},"end":{"line":106,"column":52}},{"start":{"line":108,"column":12},"end":{"line":111,"column":65}},{"start":{"line":113,"column":12},"end":{"line":113,"column":19}},{"start":{"line":114,"column":12},"end":{"line":115,"column":38}}],"line":103},"5":{"loc":{"start":{"line":127,"column":10},"end":{"line":140,"column":11}},"type":"switch","locations":[{"start":{"line":128,"column":12},"end":{"line":130,"column":106}},{"start":{"line":132,"column":12},"end":{"line":135,"column":65}},{"start":{"line":137,"column":12},"end":{"line":137,"column":19}},{"start":{"line":138,"column":12},"end":{"line":139,"column":38}}],"line":127},"6":{"loc":{"start":{"line":151,"column":10},"end":{"line":166,"column":11}},"type":"switch","locations":[{"start":{"line":152,"column":12},"end":{"line":154,"column":100}},{"start":{"line":156,"column":12},"end":{"line":161,"column":65}},{"start":{"line":163,"column":12},"end":{"line":163,"column":19}},{"start":{"line":164,"column":12},"end":{"line":165,"column":38}}],"line":151},"7":{"loc":{"start":{"line":177,"column":10},"end":{"line":190,"column":11}},"type":"switch","locations":[{"start":{"line":178,"column":12},"end":{"line":180,"column":62}},{"start":{"line":182,"column":12},"end":{"line":185,"column":65}},{"start":{"line":187,"column":12},"end":{"line":187,"column":19}},{"start":{"line":188,"column":12},"end":{"line":189,"column":38}}],"line":177},"8":{"loc":{"start":{"line":201,"column":10},"end":{"line":215,"column":11}},"type":"switch","locations":[{"start":{"line":202,"column":12},"end":{"line":204,"column":62}},{"start":{"line":206,"column":12},"end":{"line":210,"column":65}},{"start":{"line":212,"column":12},"end":{"line":212,"column":19}},{"start":{"line":213,"column":12},"end":{"line":214,"column":38}}],"line":201},"9":{"loc":{"start":{"line":226,"column":10},"end":{"line":239,"column":11}},"type":"switch","locations":[{"start":{"line":227,"column":12},"end":{"line":229,"column":111}},{"start":{"line":231,"column":12},"end":{"line":234,"column":65}},{"start":{"line":236,"column":12},"end":{"line":236,"column":19}},{"start":{"line":237,"column":12},"end":{"line":238,"column":38}}],"line":226},"10":{"loc":{"start":{"line":250,"column":10},"end":{"line":266,"column":11}},"type":"switch","locations":[{"start":{"line":251,"column":12},"end":{"line":255,"column":66}},{"start":{"line":257,"column":12},"end":{"line":261,"column":65}},{"start":{"line":263,"column":12},"end":{"line":263,"column":19}},{"start":{"line":264,"column":12},"end":{"line":265,"column":38}}],"line":250},"11":{"loc":{"start":{"line":277,"column":10},"end":{"line":290,"column":11}},"type":"switch","locations":[{"start":{"line":278,"column":12},"end":{"line":280,"column":64}},{"start":{"line":282,"column":12},"end":{"line":285,"column":65}},{"start":{"line":287,"column":12},"end":{"line":287,"column":19}},{"start":{"line":288,"column":12},"end":{"line":289,"column":39}}],"line":277},"12":{"loc":{"start":{"line":301,"column":10},"end":{"line":314,"column":11}},"type":"switch","locations":[{"start":{"line":302,"column":12},"end":{"line":304,"column":80}},{"start":{"line":306,"column":12},"end":{"line":309,"column":65}},{"start":{"line":311,"column":12},"end":{"line":311,"column":19}},{"start":{"line":312,"column":12},"end":{"line":313,"column":39}}],"line":301},"13":{"loc":{"start":{"line":325,"column":10},"end":{"line":338,"column":11}},"type":"switch","locations":[{"start":{"line":326,"column":12},"end":{"line":328,"column":65}},{"start":{"line":330,"column":12},"end":{"line":333,"column":65}},{"start":{"line":335,"column":12},"end":{"line":335,"column":19}},{"start":{"line":336,"column":12},"end":{"line":337,"column":39}}],"line":325},"14":{"loc":{"start":{"line":349,"column":10},"end":{"line":362,"column":11}},"type":"switch","locations":[{"start":{"line":350,"column":12},"end":{"line":352,"column":51}},{"start":{"line":354,"column":12},"end":{"line":357,"column":65}},{"start":{"line":359,"column":12},"end":{"line":359,"column":19}},{"start":{"line":360,"column":12},"end":{"line":361,"column":39}}],"line":349}},"s":{"0":1,"1":1,"2":1,"3":1,"4":1,"5":2,"6":1,"7":1,"8":1,"9":1,"10":1,"11":1,"12":1,"13":1,"14":1,"15":1,"16":1,"17":1,"18":1,"19":1,"20":1,"21":1,"22":1,"23":1,"24":1,"25":1,"26":1,"27":1,"28":1,"29":1,"30":1,"31":1,"32":1,"33":1,"34":1,"35":2,"36":2,"37":1,"38":1,"39":1,"40":1,"41":1,"42":1,"43":1,"44":1,"45":2,"46":2,"47":1,"48":1,"49":1,"50":1,"51":1,"52":1,"53":1,"54":1,"55":1,"56":2,"57":2,"58":1,"59":1,"60":1,"61":1,"62":1,"63":1,"64":1,"65":1,"66":2,"67":2,"68":1,"69":1,"70":1,"71":1,"72":1,"73":1,"74":1,"75":1,"76":2,"77":2,"78":1,"79":1,"80":1,"81":1,"82":1,"83":1,"84":1,"85":1,"86":1,"87":1,"88":2,"89":2,"90":1,"91":1,"92":1,"93":1,"94":1,"95":1,"96":1,"97":1,"98":2,"99":2,"100":1,"101":1,"102":1,"103":1,"104":1,"105":1,"106":1,"107":1,"108":1,"109":2,"110":2,"111":1,"112":1,"113":1,"114":1,"115":1,"116":1,"117":1,"118":1,"119":2,"120":2,"121":1,"122":1,"123":1,"124":1,"125":1,"126":1,"127":1,"128":1,"129":1,"130":1,"131":1,"132":2,"133":2,"134":1,"135":1,"136":1,"137":1,"138":1,"139":1,"140":1,"141":1,"142":2,"143":2,"144":1,"145":1,"146":1,"147":1,"148":1,"149":1,"150":1,"151":1,"152":2,"153":2,"154":1,"155":1,"156":1,"157":1,"158":1,"159":1,"160":1,"161":1,"162":2,"163":2,"164":1,"165":1,"166":1,"167":1,"168":1},"f":{"0":2,"1":1,"2":1,"3":1,"4":2,"5":1,"6":1,"7":2,"8":1,"9":1,"10":2,"11":1,"12":1,"13":2,"14":1,"15":1,"16":2,"17":1,"18":1,"19":2,"20":1,"21":1,"22":2,"23":1,"24":1,"25":2,"26":1,"27":1,"28":2,"29":1,"30":1,"31":2,"32":1,"33":1,"34":2,"35":1,"36":1,"37":2,"38":1,"39":1,"40":2},"b":{"0":[1,1],"1":[2,2],"2":[1,1,1,1],"3":[1,1,1,1],"4":[1,1,1,1],"5":[1,1,1,1],"6":[1,1,1,1],"7":[1,1,1,1],"8":[1,1,1,1],"9":[1,1,1,1],"10":[1,1,1,1],"11":[1,1,1,1],"12":[1,1,1,1],"13":[1,1,1,1],"14":[1,1,1,1]},"inputSourceMap":{"version":3,"sources":["User.js"],"names":["mocha","require","supertest","User","data","UserLoginData","product_data","ProductData","transactData","TransactionBody","purchaseData","PurchaseBody","describe","getauthToken","getBuyerAuthToken","emptyUserId","productID","productDataTem","amount","TRANSACTION_DETAILS","USER_DETAILS","username","password","role","PRODUCT_DETAILS","productName","cost","amountAvailable","currency","PURCHASE_DETAILS","products","total_amount","it","createUser","res","status","should","equal","statusCode","CREATED","loginUser","body","token","OK","getUserList","updateUser","createProduct","_id","console","log","getProduct","updateProduct","buyerUsername","buyerPassword","creditUser","buyProduct","deleteProduct","deleteUser"],"mappings":";;;;;;;;;;AAKA;;;;AAEA,IAAMA,QAAQC,QAAQ,OAAR,CAAd,C,CAPA;AACA;AACA;AACA;AACA,4B,CAA6B;;AAI7B,IAAMC,YAAYD,QAAQ,WAAR,CAAlB;AACA,IAAME,OAAOF,QAAQ,mCAAR,CAAb;AACA,IAAMG,OAAOH,QAAQ,iCAAR,EAA2CI,aAAxD;AACA,IAAMC,eAAeL,QAAQ,+BAAR,EAAyCM,WAA9D;AACA,IAAMC,eAAeP,QAAQ,+BAAR,EAAyCQ,eAA9D;AACA,IAAMC,eAAeT,QAAQ,+BAAR,EAAyCU,YAA9D;;AAGAC,SAAS,oCAAT,EAA+C,YAAM;AACnD,MAAIC,eAAe,EAAnB;AACA,MAAIC,oBAAoB,EAAxB;AACA,MAAMC,cAAc,EAApB;AACA,MAAIC,YAAY,EAAhB;AACA,MAAIC,uBAAJ;AALmD,MAM3CC,MAN2C,GAMhCV,aAAaW,mBANmB,CAM3CD,MAN2C;AAAA,2BAOdd,KAAKgB,YAPS;AAAA,MAO3CC,QAP2C,sBAO3CA,QAP2C;AAAA,MAOjCC,QAPiC,sBAOjCA,QAPiC;AAAA,MAOvBC,IAPuB,sBAOvBA,IAPuB;AAAA,8BAU/CjB,aAAakB,eAVkC;AAAA,MASjDC,WATiD,yBASjDA,WATiD;AAAA,MASpCC,IAToC,yBASpCA,IAToC;AAAA,MAS9BC,eAT8B,yBAS9BA,eAT8B;AAAA,MASbC,QATa,yBASbA,QATa;AAAA,8BAYhBlB,aAAamB,gBAZG;AAAA,MAY3CC,QAZ2C,yBAY3CA,QAZ2C;AAAA,MAYjCC,YAZiC,yBAYjCA,YAZiC;;;AAenDnB,WAAS,6BAAT,EAAwC,YAAM;AAC5CoB,OAAG,iBAAH,2EAAsB;AAAA;AAAA;AAAA;AAAA;AAAA;AAAA;AAAA,qBACF7B,KAAK8B,UAAL,CAAgBZ,QAAhB,EAA0BC,QAA1B,EAAoCC,IAApC,CADE;;AAAA;AACdW,iBADc;;AAEpBA,kBAAIC,MAAJ,CAAWC,MAAX,CAAkBC,KAAlB,CAAwBC,uBAAWC,OAAnC;;AAFoB;AAAA;AAAA;AAAA;AAAA;AAAA;AAAA,KAAtB;AAID,GALD;;AAOA3B,WAAS,4BAAT,EAAuC,YAAM;AAC3CoB,OAAG,YAAH,2EAAiB;AAAA;AAAA;AAAA;AAAA;AAAA;AAAA;AAAA,qBACG7B,KAAKqC,SAAL,CAAenB,QAAf,EAAyBC,QAAzB,CADH;;AAAA;AACTY,iBADS;;AAEfrB,6BAAeqB,IAAIO,IAAJ,CAASrC,IAAT,CAAcsC,KAA7B;AACAR,kBAAIC,MAAJ,CAAWC,MAAX,CAAkBC,KAAlB,CAAwBC,uBAAWK,EAAnC;;AAHe;AAAA;AAAA;AAAA;AAAA;AAAA;AAAA,KAAjB;AAKD,GAND;;AAQA/B,WAAS,uBAAT,EAAkC,YAAM;AACtCoB,OAAG,oBAAH,2EAAyB;AAAA;AAAA;AAAA;AAAA;AAAA;AAAA;AAAA,qBACL7B,KAAKyC,WAAL,CAAiB/B,YAAjB,CADK;;AAAA;AACjBqB,iBADiB;;AAEvBA,kBAAIC,MAAJ,CAAWC,MAAX,CAAkBC,KAAlB,CAAwBC,uBAAWK,EAAnC;;AAFuB;AAAA;AAAA;AAAA;AAAA;AAAA;AAAA,KAAzB;AAID,GALD;;AAOA/B,WAAS,8BAAT,EAAyC,YAAM;AAC7CoB,OAAG,iBAAH,2EAAsB;AAAA;AAAA;AAAA;AAAA;AAAA;AAAA;AAAA,qBACF7B,KAAK0C,UAAL,CAAmBxB,QAAH,SAAiB,KAAjC,EAA2CC,QAAH,SAAiB,MAAzD,EAAiEC,IAAjE,EAAuEV,YAAvE,CADE;;AAAA;AACdqB,iBADc;;AAEpBA,kBAAIC,MAAJ,CAAWC,MAAX,CAAkBC,KAAlB,CAAwBC,uBAAWK,EAAnC;;AAFoB;AAAA;AAAA;AAAA;AAAA;AAAA;AAAA,KAAtB;AAID,GALD;;AAOA/B,WAAS,gCAAT,EAA2C,YAAM;AAC/CoB,OAAG,iBAAH,2EAAsB;AAAA;AAAA;AAAA;AAAA;AAAA;AAAA;AAAA,qBACF7B,KAAK2C,aAAL,CAAmBrB,WAAnB,EAAgCC,IAAhC,EAAsCC,eAAtC,EAAuDC,QAAvD,EAAiEf,YAAjE,CADE;;AAAA;AACdqB,iBADc;;AAEpBlB,0BAAYkB,IAAIO,IAAJ,CAASrC,IAAT,CAAc2C,GAA1B;AACAC,sBAAQC,GAAR,yBAAkCjC,SAAlC;AACAkB,kBAAIC,MAAJ,CAAWC,MAAX,CAAkBC,KAAlB,CAAwBC,uBAAWK,EAAnC;;AAJoB;AAAA;AAAA;AAAA;AAAA;AAAA;AAAA,KAAtB;AAMD,GAPD;;AASA/B,WAAS,0BAAT,EAAqC,YAAM;AACzCoB,OAAG,qBAAH,2EAA0B;AAAA;AAAA;AAAA;AAAA;AAAA;AAAA;AAAA,qBACN7B,KAAK+C,UAAL,CAAgBlC,SAAhB,EAA2BH,YAA3B,CADM;;AAAA;AAClBqB,iBADkB;;AAExBA,kBAAIC,MAAJ,CAAWC,MAAX,CAAkBC,KAAlB,CAAwBC,uBAAWK,EAAnC;;AAFwB;AAAA;AAAA;AAAA;AAAA;AAAA;AAAA,KAA1B;AAID,GALD;;AAOA/B,WAAS,0BAAT,EAAqC,YAAM;AACzCoB,OAAG,qBAAH,2EAA0B;AAAA;AAAA;AAAA;AAAA;AAAA;AAAA;AAAA,qBACN7B,KAAK+C,UAAL,CAAgBlC,SAAhB,EAA2BH,YAA3B,CADM;;AAAA;AAClBqB,iBADkB;;AAExBjB,+BAAiBiB,IAAIO,IAAJ,CAASrC,IAA1B;AACA8B,kBAAIC,MAAJ,CAAWC,MAAX,CAAkBC,KAAlB,CAAwBC,uBAAWK,EAAnC;;AAHwB;AAAA;AAAA;AAAA;AAAA;AAAA;AAAA,KAA1B;AAKD,GAND;;AAQA/B,WAAS,iCAAT,EAA4C,YAAM;AAChDoB,OAAG,oBAAH,2EAAyB;AAAA;AAAA;AAAA;AAAA;AAAA;AAAA;AAAA,qBACL7B,KAAKgD,aAAL,CAAmB1B,WAAnB,EAAgCC,IAAhC,EAAsCC,eAAtC,EAAuDC,QAAvD,EAAiEZ,SAAjE,EAA4EH,YAA5E,CADK;;AAAA;AACjBqB,iBADiB;;AAEvBA,kBAAIC,MAAJ,CAAWC,MAAX,CAAkBC,KAAlB,CAAwBC,uBAAWK,EAAnC;;AAFuB;AAAA;AAAA;AAAA;AAAA;AAAA;AAAA,KAAzB;AAID,GALD;AAMA;AACA/B,WAAS,6BAAT,EAAwC,YAAM;AAC5CoB,OAAG,YAAH,2EAAiB;AAAA;AAAA;AAAA;AAAA;AAAA;AACToB,2BADS,GACO,QADP;AAETC,2BAFS,GAEO,wBAFP;AAAA;AAAA,qBAGGlD,KAAKqC,SAAL,CAAeY,aAAf,EAA8BC,aAA9B,CAHH;;AAAA;AAGTnB,iBAHS;;AAIfpB,kCAAoBoB,IAAIO,IAAJ,CAASrC,IAAT,CAAcsC,KAAlC;AACAR,kBAAIC,MAAJ,CAAWC,MAAX,CAAkBC,KAAlB,CAAwBC,uBAAWK,EAAnC;;AALe;AAAA;AAAA;AAAA;AAAA;AAAA;AAAA,KAAjB;AAOD,GARD;;AAWA/B,WAAS,+BAAT,EAA0C,YAAM;AAC9CoB,OAAG,kBAAH,2EAAuB;AAAA;AAAA;AAAA;AAAA;AAAA;AAAA;AAAA,qBACH7B,KAAKmD,UAAL,CAAgBpC,MAAhB,EAAwBJ,iBAAxB,CADG;;AAAA;AACfoB,iBADe;;AAErBA,kBAAIC,MAAJ,CAAWC,MAAX,CAAkBC,KAAlB,CAAwBC,uBAAWK,EAAnC;;AAFqB;AAAA;AAAA;AAAA;AAAA;AAAA;AAAA,KAAvB;AAID,GALD;;AAOA/B,WAAS,6BAAT,EAAwC,YAAM;AAC5CoB,OAAG,kBAAH,2EAAuB;AAAA;AAAA;AAAA;AAAA;AAAA;AAAA;AAAA,qBACH7B,KAAKoD,UAAL,CAAgBzB,QAAhB,EAA0BC,YAA1B,EAAwCjB,iBAAxC,CADG;;AAAA;AACfoB,iBADe;;AAErBA,kBAAIC,MAAJ,CAAWC,MAAX,CAAkBC,KAAlB,CAAwBC,uBAAWK,EAAnC;;AAFqB;AAAA;AAAA;AAAA;AAAA;AAAA;AAAA,KAAvB;AAID,GALD;;AAQA/B,WAAS,oCAAT,EAA+C,YAAM;AACnDoB,OAAG,oBAAH,2EAAyB;AAAA;AAAA;AAAA;AAAA;AAAA;AAAA;AAAA,qBACL7B,KAAKqD,aAAL,CAAmBxC,SAAnB,EAA8BH,YAA9B,CADK;;AAAA;AACjBqB,iBADiB;;AAEvBA,kBAAIC,MAAJ,CAAWC,MAAX,CAAkBC,KAAlB,CAAwBC,uBAAWK,EAAnC;;AAFuB;AAAA;AAAA;AAAA;AAAA;AAAA;AAAA,KAAzB;AAID,GALD;;AAOA/B,WAAS,iCAAT,EAA4C,YAAM;AAChDoB,OAAG,kBAAH,2EAAuB;AAAA;AAAA;AAAA;AAAA;AAAA;AAAA;AAAA,qBACH7B,KAAKsD,UAAL,CAAgB5C,YAAhB,CADG;;AAAA;AACfqB,iBADe;;AAErBA,kBAAIC,MAAJ,CAAWC,MAAX,CAAkBC,KAAlB,CAAwBC,uBAAWK,EAAnC;;AAFqB;AAAA;AAAA;AAAA;AAAA;AAAA;AAAA,KAAvB;AAID,GALD;AAMD,CAlHD","file":"User.js","sourceRoot":"/Users/macbook/Desktop/CodeTest/server/test/specs/User","sourcesContent":["/* eslint-disable camelcase */\n/* eslint-disable no-console */\n/* eslint-disable no-underscore-dangle */\n/* eslint-disable no-useless-concat */\n/* eslint-disable max-len */ /* eslint-disable no-unused-vars */\nimport { StatusCode as statusCode } from '../../../../StatusCode';\n\nconst mocha = require('mocha');\nconst supertest = require('supertest');\nconst User = require('../../actions/User/UserApiActions');\nconst data = require('../../testData/LoginUserInfo.js').UserLoginData;\nconst product_data = require('../../testData/ProductInfo.js').ProductData;\nconst transactData = require('../../testData/ProductInfo.js').TransactionBody;\nconst purchaseData = require('../../testData/ProductInfo.js').PurchaseBody;\n\n\ndescribe('Performing CRUD Operations on User', () => {\n  let getauthToken = '';\n  let getBuyerAuthToken = '';\n  const emptyUserId = '';\n  let productID = '';\n  let productDataTem;\n  const { amount } = transactData.TRANSACTION_DETAILS;\n  const { username, password, role } = data.USER_DETAILS;\n  const {\n    productName, cost, amountAvailable, currency\n  } = product_data.PRODUCT_DETAILS;\n\n  const { products, total_amount } = purchaseData.PURCHASE_DETAILS;\n\n\n  describe('POST Request: Create a User', () => {\n    it('creating a User', async () => {\n      const res = await User.createUser(username, password, role);\n      res.status.should.equal(statusCode.CREATED);\n    });\n  });\n\n  describe('POST Request: Login a User', () => {\n    it('logging in', async () => {\n      const res = await User.loginUser(username, password);\n      getauthToken = res.body.data.token;\n      res.status.should.equal(statusCode.OK);\n    });\n  });\n\n  describe('GET Request: Get User', () => {\n    it('Getting users list', async () => {\n      const res = await User.getUserList(getauthToken);\n      res.status.should.equal(statusCode.OK);\n    });\n  });\n\n  describe('PUT Request: Update the User', () => {\n    it('Updating a User', async () => {\n      const res = await User.updateUser(`${username} ` + 'asd', `${password} ` + 'asdf', role, getauthToken);\n      res.status.should.equal(statusCode.OK);\n    });\n  });\n\n  describe('POST Request: Create a Product', () => {\n    it('creating a User', async () => {\n      const res = await User.createProduct(productName, cost, amountAvailable, currency, getauthToken);\n      productID = res.body.data._id;\n      console.log(`Printing productID:${productID}`);\n      res.status.should.equal(statusCode.OK);\n    });\n  });\n\n  describe('GET Request: Get Product', () => {\n    it('Getting the Product', async () => {\n      const res = await User.getProduct(productID, getauthToken);\n      res.status.should.equal(statusCode.OK);\n    });\n  });\n\n  describe('GET Request: Get Product', () => {\n    it('Getting the Product', async () => {\n      const res = await User.getProduct(productID, getauthToken);\n      productDataTem = res.body.data;\n      res.status.should.equal(statusCode.OK);\n    });\n  });\n\n  describe('PUT Request: Update the Product', () => {\n    it('Updating a Product', async () => {\n      const res = await User.updateProduct(productName, cost, amountAvailable, currency, productID, getauthToken);\n      res.status.should.equal(statusCode.OK);\n    });\n  });\n  // transactData\n  describe('POST Request: Login a Buyer', () => {\n    it('logging in', async () => {\n      const buyerUsername = 'buyer1';\n      const buyerPassword = 'Hfdsjgjdsgdsjhkjjksdgk';\n      const res = await User.loginUser(buyerUsername, buyerPassword);\n      getBuyerAuthToken = res.body.data.token;\n      res.status.should.equal(statusCode.OK);\n    });\n  });\n\n\n  describe('POST Request: Credit The User', () => {\n    it('crediting a User', async () => {\n      const res = await User.creditUser(amount, getBuyerAuthToken);\n      res.status.should.equal(statusCode.OK);\n    });\n  });\n\n  describe('POST Request: Buy A product', () => {\n    it('Buying a product', async () => {\n      const res = await User.buyProduct(products, total_amount, getBuyerAuthToken);\n      res.status.should.equal(statusCode.OK);\n    });\n  });\n\n\n  describe('DELETE Request: Delete the Product', () => {\n    it('Deleting a Product', async () => {\n      const res = await User.deleteProduct(productID, getauthToken);\n      res.status.should.equal(statusCode.OK);\n    });\n  });\n\n  describe('DELETE Request: Delete the User', () => {\n    it('Deleting a users', async () => {\n      const res = await User.deleteUser(getauthToken);\n      res.status.should.equal(statusCode.OK);\n    });\n  });\n});\n"]},"_coverageSchema":"1a1c01bbd47fc00a2c39e90264f33305004495a9","hash":"19dcb5ab682c7ebb2565a2289b37198fc91ffb75","contentHash":"31e929562495c469a0da828210ff2ee8b034631fd71e4760e22f0b821159e7ff"},"/Users/macbook/Desktop/CodeTest/StatusCode.js":{"path":"/Users/macbook/Desktop/CodeTest/StatusCode.js","statementMap":{"0":{"start":{"line":6,"column":0},"end":{"line":39,"column":2}}},"fnMap":{},"branchMap":{},"s":{"0":1},"f":{},"b":{},"inputSourceMap":{"version":3,"sources":["StatusCode.js"],"names":["exports","StatusCode","OK","CREATED","ACCEPTED","NON_AUTHORATIVE_INFORMATION","NO_CONTENT","RESET_CONTENT","PARTIAL_CONTENT","MULTI_STATUS","ALREADY_REPORTED","IM_USED","MULTIPLE_CHOICES","MOVED_PERMANTENTLY","FOUND","SEE_OTHER","NOT_MODIFIED","USEP_ROXY","SWITCH_PROXY","TEMPORARY_REDIRECT","PERMANENT_REDIRECT","BAD_REQUEST","UNAUTHORIZED","PAYMENT_REQUIRED","FORBIDDEN","NOT_FOUND","METHOD_NOT_ALLOWED","NOT_ACCEPTABLE","CONFLICT","INTERNAL_SERVER_ERROR","NOT_IMPLEMENTED","BAD_GATEWAY","SERVICE_UNAVAILABLE","GATEWAY_TIMEOUT"],"mappings":";;AAAA;;;AAGAA,QAAQC,UAAR,GAAqB;AACnBC,MAAI,GADe;AAEnBC,WAAS,GAFU;AAGnBC,YAAU,GAHS;AAInBC,+BAA6B,GAJV;AAKnBC,cAAY,GALO;AAMnBC,iBAAe,GANI;AAOnBC,mBAAiB,GAPE;AAQnBC,gBAAc,GARK;AASnBC,oBAAkB,GATC;AAUnBC,WAAS,GAVU;AAWnBC,oBAAkB,GAXC;AAYnBC,sBAAoB,GAZD;AAanBC,SAAO,GAbY;AAcnBC,aAAW,GAdQ;AAenBC,gBAAc,GAfK;AAgBnBC,aAAW,GAhBQ;AAiBnBC,gBAAc,GAjBK;AAkBnBC,sBAAoB,GAlBD;AAmBnBC,sBAAoB,GAnBD;AAoBnBC,eAAa,GApBM;AAqBnBC,gBAAc,GArBK;AAsBnBC,oBAAkB,GAtBC;AAuBnBC,aAAW,GAvBQ;AAwBnBC,aAAW,GAxBQ;AAyBnBC,sBAAoB,GAzBD;AA0BnBC,kBAAgB,GA1BG;AA2BnBC,YAAU,GA3BS;AA4BnBC,yBAAuB,GA5BJ;AA6BnBC,mBAAiB,GA7BE;AA8BnBC,eAAa,GA9BM;AA+BnBC,uBAAqB,GA/BF;AAgCnBC,mBAAiB;AAhCE,CAArB","file":"StatusCode.js","sourceRoot":"/Users/macbook/Desktop/CodeTest","sourcesContent":["/** This Status code file is used to keep all type of HTTP Status Codes in a single place.\n      and this helps us in asserting the response status codes * */\n\nexports.StatusCode = {\n  OK: 200,\n  CREATED: 201,\n  ACCEPTED: 202,\n  NON_AUTHORATIVE_INFORMATION: 203,\n  NO_CONTENT: 204,\n  RESET_CONTENT: 205,\n  PARTIAL_CONTENT: 206,\n  MULTI_STATUS: 207,\n  ALREADY_REPORTED: 208,\n  IM_USED: 226,\n  MULTIPLE_CHOICES: 300,\n  MOVED_PERMANTENTLY: 301,\n  FOUND: 302,\n  SEE_OTHER: 303,\n  NOT_MODIFIED: 304,\n  USEP_ROXY: 305,\n  SWITCH_PROXY: 306,\n  TEMPORARY_REDIRECT: 307,\n  PERMANENT_REDIRECT: 308,\n  BAD_REQUEST: 400,\n  UNAUTHORIZED: 401,\n  PAYMENT_REQUIRED: 402,\n  FORBIDDEN: 403,\n  NOT_FOUND: 404,\n  METHOD_NOT_ALLOWED: 405,\n  NOT_ACCEPTABLE: 406,\n  CONFLICT: 409,\n  INTERNAL_SERVER_ERROR: 500,\n  NOT_IMPLEMENTED: 501,\n  BAD_GATEWAY: 502,\n  SERVICE_UNAVAILABLE: 503,\n  GATEWAY_TIMEOUT: 504\n};\n"]},"_coverageSchema":"1a1c01bbd47fc00a2c39e90264f33305004495a9","hash":"7bb688540b90c5dbf9e5f79c35344576718ef9eb","contentHash":"dba41b8a1efc5721010d0c0c6adbd0cd0fa593c99f2fb1e9a1a6abe9dfec56cb"},"/Users/macbook/Desktop/CodeTest/server/test/actions/User/UserApiActions.js":{"path":"/Users/macbook/Desktop/CodeTest/server/test/actions/User/UserApiActions.js","statementMap":{"0":{"start":{"line":3,"column":19},"end":{"line":3,"column":55}},"1":{"start":{"line":5,"column":20},"end":{"line":5,"column":56}},"2":{"start":{"line":7,"column":25},"end":{"line":7,"column":74}},"3":{"start":{"line":9,"column":25},"end":{"line":9,"column":67}},"4":{"start":{"line":11,"column":39},"end":{"line":11,"column":93}},"5":{"start":{"line":20,"column":16},"end":{"line":20,"column":36}},"6":{"start":{"line":21,"column":13},"end":{"line":21,"column":30}},"7":{"start":{"line":22,"column":18},"end":{"line":22,"column":50}},"8":{"start":{"line":23,"column":20},"end":{"line":23,"column":62}},"9":{"start":{"line":24,"column":14},"end":{"line":24,"column":62}},"10":{"start":{"line":29,"column":0},"end":{"line":58,"column":4}},"11":{"start":{"line":30,"column":13},"end":{"line":53,"column":5}},"12":{"start":{"line":32,"column":4},"end":{"line":52,"column":22}},"13":{"start":{"line":33,"column":6},"end":{"line":51,"column":7}},"14":{"start":{"line":34,"column":8},"end":{"line":50,"column":9}},"15":{"start":{"line":36,"column":12},"end":{"line":36,"column":69}},"16":{"start":{"line":38,"column":12},"end":{"line":38,"column":43}},"17":{"start":{"line":39,"column":12},"end":{"line":39,"column":65}},"18":{"start":{"line":40,"column":12},"end":{"line":40,"column":30}},"19":{"start":{"line":41,"column":12},"end":{"line":41,"column":87}},"20":{"start":{"line":44,"column":12},"end":{"line":44,"column":32}},"21":{"start":{"line":45,"column":12},"end":{"line":45,"column":50}},"22":{"start":{"line":49,"column":12},"end":{"line":49,"column":35}},"23":{"start":{"line":55,"column":2},"end":{"line":57,"column":4}},"24":{"start":{"line":56,"column":4},"end":{"line":56,"column":39}},"25":{"start":{"line":59,"column":0},"end":{"line":88,"column":4}},"26":{"start":{"line":60,"column":14},"end":{"line":83,"column":5}},"27":{"start":{"line":62,"column":4},"end":{"line":82,"column":23}},"28":{"start":{"line":63,"column":6},"end":{"line":81,"column":7}},"29":{"start":{"line":64,"column":8},"end":{"line":80,"column":9}},"30":{"start":{"line":66,"column":12},"end":{"line":66,"column":63}},"31":{"start":{"line":68,"column":12},"end":{"line":68,"column":43}},"32":{"start":{"line":69,"column":12},"end":{"line":69,"column":64}},"33":{"start":{"line":70,"column":12},"end":{"line":70,"column":31}},"34":{"start":{"line":71,"column":12},"end":{"line":71,"column":86}},"35":{"start":{"line":74,"column":12},"end":{"line":74,"column":33}},"36":{"start":{"line":75,"column":12},"end":{"line":75,"column":51}},"37":{"start":{"line":79,"column":12},"end":{"line":79,"column":36}},"38":{"start":{"line":85,"column":2},"end":{"line":87,"column":4}},"39":{"start":{"line":86,"column":4},"end":{"line":86,"column":40}},"40":{"start":{"line":92,"column":0},"end":{"line":121,"column":4}},"41":{"start":{"line":93,"column":14},"end":{"line":116,"column":5}},"42":{"start":{"line":95,"column":4},"end":{"line":115,"column":23}},"43":{"start":{"line":96,"column":6},"end":{"line":114,"column":7}},"44":{"start":{"line":97,"column":8},"end":{"line":113,"column":9}},"45":{"start":{"line":99,"column":12},"end":{"line":99,"column":43}},"46":{"start":{"line":100,"column":12},"end":{"line":100,"column":31}},"47":{"start":{"line":101,"column":12},"end":{"line":101,"column":81}},"48":{"start":{"line":104,"column":12},"end":{"line":104,"column":33}},"49":{"start":{"line":106,"column":12},"end":{"line":106,"column":34}},"50":{"start":{"line":108,"column":12},"end":{"line":108,"column":51}},"51":{"start":{"line":112,"column":12},"end":{"line":112,"column":36}},"52":{"start":{"line":118,"column":2},"end":{"line":120,"column":4}},"53":{"start":{"line":119,"column":4},"end":{"line":119,"column":40}},"54":{"start":{"line":125,"column":0},"end":{"line":155,"column":4}},"55":{"start":{"line":126,"column":14},"end":{"line":150,"column":5}},"56":{"start":{"line":128,"column":4},"end":{"line":149,"column":23}},"57":{"start":{"line":129,"column":6},"end":{"line":148,"column":7}},"58":{"start":{"line":130,"column":8},"end":{"line":147,"column":9}},"59":{"start":{"line":132,"column":12},"end":{"line":132,"column":69}},"60":{"start":{"line":134,"column":12},"end":{"line":134,"column":43}},"61":{"start":{"line":135,"column":12},"end":{"line":135,"column":31}},"62":{"start":{"line":136,"column":12},"end":{"line":136,"column":95}},"63":{"start":{"line":139,"column":12},"end":{"line":139,"column":33}},"64":{"start":{"line":141,"column":12},"end":{"line":141,"column":34}},"65":{"start":{"line":142,"column":12},"end":{"line":142,"column":51}},"66":{"start":{"line":146,"column":12},"end":{"line":146,"column":36}},"67":{"start":{"line":152,"column":2},"end":{"line":154,"column":4}},"68":{"start":{"line":153,"column":4},"end":{"line":153,"column":40}},"69":{"start":{"line":157,"column":0},"end":{"line":187,"column":4}},"70":{"start":{"line":158,"column":14},"end":{"line":182,"column":5}},"71":{"start":{"line":160,"column":4},"end":{"line":181,"column":23}},"72":{"start":{"line":161,"column":6},"end":{"line":180,"column":7}},"73":{"start":{"line":162,"column":8},"end":{"line":179,"column":9}},"74":{"start":{"line":164,"column":12},"end":{"line":164,"column":92}},"75":{"start":{"line":166,"column":12},"end":{"line":166,"column":43}},"76":{"start":{"line":167,"column":12},"end":{"line":167,"column":31}},"77":{"start":{"line":168,"column":12},"end":{"line":168,"column":102}},"78":{"start":{"line":171,"column":12},"end":{"line":171,"column":33}},"79":{"start":{"line":173,"column":12},"end":{"line":173,"column":34}},"80":{"start":{"line":174,"column":12},"end":{"line":174,"column":51}},"81":{"start":{"line":178,"column":12},"end":{"line":178,"column":36}},"82":{"start":{"line":184,"column":2},"end":{"line":186,"column":4}},"83":{"start":{"line":185,"column":4},"end":{"line":185,"column":40}},"84":{"start":{"line":189,"column":0},"end":{"line":218,"column":4}},"85":{"start":{"line":190,"column":14},"end":{"line":213,"column":5}},"86":{"start":{"line":192,"column":4},"end":{"line":212,"column":23}},"87":{"start":{"line":193,"column":6},"end":{"line":211,"column":7}},"88":{"start":{"line":194,"column":8},"end":{"line":210,"column":9}},"89":{"start":{"line":196,"column":12},"end":{"line":196,"column":43}},"90":{"start":{"line":197,"column":12},"end":{"line":197,"column":31}},"91":{"start":{"line":198,"column":12},"end":{"line":198,"column":98}},"92":{"start":{"line":201,"column":12},"end":{"line":201,"column":33}},"93":{"start":{"line":203,"column":12},"end":{"line":203,"column":34}},"94":{"start":{"line":205,"column":12},"end":{"line":205,"column":51}},"95":{"start":{"line":209,"column":12},"end":{"line":209,"column":36}},"96":{"start":{"line":215,"column":2},"end":{"line":217,"column":4}},"97":{"start":{"line":216,"column":4},"end":{"line":216,"column":40}},"98":{"start":{"line":220,"column":0},"end":{"line":252,"column":4}},"99":{"start":{"line":221,"column":14},"end":{"line":247,"column":5}},"100":{"start":{"line":223,"column":4},"end":{"line":246,"column":23}},"101":{"start":{"line":224,"column":6},"end":{"line":245,"column":7}},"102":{"start":{"line":225,"column":8},"end":{"line":244,"column":9}},"103":{"start":{"line":227,"column":12},"end":{"line":227,"column":92}},"104":{"start":{"line":229,"column":12},"end":{"line":229,"column":43}},"105":{"start":{"line":230,"column":12},"end":{"line":230,"column":96}},"106":{"start":{"line":232,"column":12},"end":{"line":232,"column":31}},"107":{"start":{"line":233,"column":12},"end":{"line":233,"column":126}},"108":{"start":{"line":236,"column":12},"end":{"line":236,"column":33}},"109":{"start":{"line":238,"column":12},"end":{"line":238,"column":34}},"110":{"start":{"line":239,"column":12},"end":{"line":239,"column":51}},"111":{"start":{"line":243,"column":12},"end":{"line":243,"column":36}},"112":{"start":{"line":249,"column":2},"end":{"line":251,"column":4}},"113":{"start":{"line":250,"column":4},"end":{"line":250,"column":40}},"114":{"start":{"line":254,"column":0},"end":{"line":285,"column":4}},"115":{"start":{"line":255,"column":14},"end":{"line":280,"column":5}},"116":{"start":{"line":257,"column":4},"end":{"line":279,"column":23}},"117":{"start":{"line":258,"column":6},"end":{"line":278,"column":7}},"118":{"start":{"line":259,"column":8},"end":{"line":277,"column":9}},"119":{"start":{"line":261,"column":12},"end":{"line":261,"column":58}},"120":{"start":{"line":263,"column":12},"end":{"line":263,"column":43}},"121":{"start":{"line":264,"column":12},"end":{"line":264,"column":37}},"122":{"start":{"line":265,"column":12},"end":{"line":265,"column":31}},"123":{"start":{"line":266,"column":12},"end":{"line":266,"column":99}},"124":{"start":{"line":269,"column":12},"end":{"line":269,"column":33}},"125":{"start":{"line":271,"column":12},"end":{"line":271,"column":34}},"126":{"start":{"line":272,"column":12},"end":{"line":272,"column":51}},"127":{"start":{"line":276,"column":12},"end":{"line":276,"column":36}},"128":{"start":{"line":282,"column":2},"end":{"line":284,"column":4}},"129":{"start":{"line":283,"column":4},"end":{"line":283,"column":40}},"130":{"start":{"line":287,"column":0},"end":{"line":320,"column":4}},"131":{"start":{"line":288,"column":14},"end":{"line":315,"column":5}},"132":{"start":{"line":290,"column":4},"end":{"line":314,"column":23}},"133":{"start":{"line":291,"column":6},"end":{"line":313,"column":7}},"134":{"start":{"line":292,"column":8},"end":{"line":312,"column":9}},"135":{"start":{"line":294,"column":12},"end":{"line":296,"column":14}},"136":{"start":{"line":298,"column":12},"end":{"line":298,"column":43}},"137":{"start":{"line":299,"column":12},"end":{"line":299,"column":37}},"138":{"start":{"line":300,"column":12},"end":{"line":300,"column":31}},"139":{"start":{"line":301,"column":12},"end":{"line":301,"column":99}},"140":{"start":{"line":304,"column":12},"end":{"line":304,"column":33}},"141":{"start":{"line":306,"column":12},"end":{"line":306,"column":34}},"142":{"start":{"line":307,"column":12},"end":{"line":307,"column":51}},"143":{"start":{"line":311,"column":12},"end":{"line":311,"column":36}},"144":{"start":{"line":317,"column":2},"end":{"line":319,"column":4}},"145":{"start":{"line":318,"column":4},"end":{"line":318,"column":40}},"146":{"start":{"line":322,"column":0},"end":{"line":348,"column":4}},"147":{"start":{"line":323,"column":15},"end":{"line":343,"column":5}},"148":{"start":{"line":325,"column":4},"end":{"line":342,"column":24}},"149":{"start":{"line":326,"column":6},"end":{"line":341,"column":7}},"150":{"start":{"line":327,"column":8},"end":{"line":340,"column":9}},"151":{"start":{"line":329,"column":12},"end":{"line":329,"column":43}},"152":{"start":{"line":330,"column":12},"end":{"line":330,"column":32}},"153":{"start":{"line":331,"column":12},"end":{"line":331,"column":104}},"154":{"start":{"line":334,"column":12},"end":{"line":334,"column":34}},"155":{"start":{"line":335,"column":12},"end":{"line":335,"column":52}},"156":{"start":{"line":339,"column":12},"end":{"line":339,"column":37}},"157":{"start":{"line":345,"column":2},"end":{"line":347,"column":4}},"158":{"start":{"line":346,"column":4},"end":{"line":346,"column":41}},"159":{"start":{"line":352,"column":0},"end":{"line":378,"column":4}},"160":{"start":{"line":353,"column":15},"end":{"line":373,"column":5}},"161":{"start":{"line":355,"column":4},"end":{"line":372,"column":24}},"162":{"start":{"line":356,"column":6},"end":{"line":371,"column":7}},"163":{"start":{"line":357,"column":8},"end":{"line":370,"column":9}},"164":{"start":{"line":359,"column":12},"end":{"line":359,"column":43}},"165":{"start":{"line":360,"column":12},"end":{"line":360,"column":32}},"166":{"start":{"line":361,"column":12},"end":{"line":361,"column":87}},"167":{"start":{"line":364,"column":12},"end":{"line":364,"column":34}},"168":{"start":{"line":365,"column":12},"end":{"line":365,"column":52}},"169":{"start":{"line":369,"column":12},"end":{"line":369,"column":37}},"170":{"start":{"line":375,"column":2},"end":{"line":377,"column":4}},"171":{"start":{"line":376,"column":4},"end":{"line":376,"column":41}}},"fnMap":{"0":{"name":"_interopRequireDefault","decl":{"start":{"line":11,"column":9},"end":{"line":11,"column":31}},"loc":{"start":{"line":11,"column":37},"end":{"line":11,"column":95}},"line":11},"1":{"name":"(anonymous_1)","decl":{"start":{"line":29,"column":21},"end":{"line":29,"column":22}},"loc":{"start":{"line":29,"column":33},"end":{"line":58,"column":1}},"line":29},"2":{"name":"_callee","decl":{"start":{"line":30,"column":95},"end":{"line":30,"column":102}},"loc":{"start":{"line":30,"column":129},"end":{"line":53,"column":3}},"line":30},"3":{"name":"_callee$","decl":{"start":{"line":32,"column":47},"end":{"line":32,"column":55}},"loc":{"start":{"line":32,"column":66},"end":{"line":52,"column":5}},"line":32},"4":{"name":"(anonymous_4)","decl":{"start":{"line":55,"column":9},"end":{"line":55,"column":10}},"loc":{"start":{"line":55,"column":33},"end":{"line":57,"column":3}},"line":55},"5":{"name":"(anonymous_5)","decl":{"start":{"line":59,"column":20},"end":{"line":59,"column":21}},"loc":{"start":{"line":59,"column":32},"end":{"line":88,"column":1}},"line":59},"6":{"name":"_callee2","decl":{"start":{"line":60,"column":96},"end":{"line":60,"column":104}},"loc":{"start":{"line":60,"column":125},"end":{"line":83,"column":3}},"line":60},"7":{"name":"_callee2$","decl":{"start":{"line":62,"column":47},"end":{"line":62,"column":56}},"loc":{"start":{"line":62,"column":68},"end":{"line":82,"column":5}},"line":62},"8":{"name":"(anonymous_8)","decl":{"start":{"line":85,"column":9},"end":{"line":85,"column":10}},"loc":{"start":{"line":85,"column":29},"end":{"line":87,"column":3}},"line":85},"9":{"name":"(anonymous_9)","decl":{"start":{"line":92,"column":22},"end":{"line":92,"column":23}},"loc":{"start":{"line":92,"column":34},"end":{"line":121,"column":1}},"line":92},"10":{"name":"_callee3","decl":{"start":{"line":93,"column":96},"end":{"line":93,"column":104}},"loc":{"start":{"line":93,"column":112},"end":{"line":116,"column":3}},"line":93},"11":{"name":"_callee3$","decl":{"start":{"line":95,"column":47},"end":{"line":95,"column":56}},"loc":{"start":{"line":95,"column":68},"end":{"line":115,"column":5}},"line":95},"12":{"name":"(anonymous_12)","decl":{"start":{"line":118,"column":9},"end":{"line":118,"column":10}},"loc":{"start":{"line":118,"column":24},"end":{"line":120,"column":3}},"line":118},"13":{"name":"(anonymous_13)","decl":{"start":{"line":125,"column":21},"end":{"line":125,"column":22}},"loc":{"start":{"line":125,"column":33},"end":{"line":155,"column":1}},"line":125},"14":{"name":"_callee4","decl":{"start":{"line":126,"column":96},"end":{"line":126,"column":104}},"loc":{"start":{"line":126,"column":138},"end":{"line":150,"column":3}},"line":126},"15":{"name":"_callee4$","decl":{"start":{"line":128,"column":47},"end":{"line":128,"column":56}},"loc":{"start":{"line":128,"column":68},"end":{"line":149,"column":5}},"line":128},"16":{"name":"(anonymous_16)","decl":{"start":{"line":152,"column":9},"end":{"line":152,"column":10}},"loc":{"start":{"line":152,"column":40},"end":{"line":154,"column":3}},"line":152},"17":{"name":"(anonymous_17)","decl":{"start":{"line":157,"column":24},"end":{"line":157,"column":25}},"loc":{"start":{"line":157,"column":36},"end":{"line":187,"column":1}},"line":157},"18":{"name":"_callee5","decl":{"start":{"line":158,"column":96},"end":{"line":158,"column":104}},"loc":{"start":{"line":158,"column":158},"end":{"line":182,"column":3}},"line":158},"19":{"name":"_callee5$","decl":{"start":{"line":160,"column":47},"end":{"line":160,"column":56}},"loc":{"start":{"line":160,"column":68},"end":{"line":181,"column":5}},"line":160},"20":{"name":"(anonymous_20)","decl":{"start":{"line":184,"column":9},"end":{"line":184,"column":10}},"loc":{"start":{"line":184,"column":49},"end":{"line":186,"column":3}},"line":184},"21":{"name":"(anonymous_21)","decl":{"start":{"line":189,"column":21},"end":{"line":189,"column":22}},"loc":{"start":{"line":189,"column":33},"end":{"line":218,"column":1}},"line":189},"22":{"name":"_callee6","decl":{"start":{"line":190,"column":96},"end":{"line":190,"column":104}},"loc":{"start":{"line":190,"column":116},"end":{"line":213,"column":3}},"line":190},"23":{"name":"_callee6$","decl":{"start":{"line":192,"column":47},"end":{"line":192,"column":56}},"loc":{"start":{"line":192,"column":68},"end":{"line":212,"column":5}},"line":192},"24":{"name":"(anonymous_24)","decl":{"start":{"line":215,"column":9},"end":{"line":215,"column":10}},"loc":{"start":{"line":215,"column":31},"end":{"line":217,"column":3}},"line":215},"25":{"name":"(anonymous_25)","decl":{"start":{"line":220,"column":24},"end":{"line":220,"column":25}},"loc":{"start":{"line":220,"column":36},"end":{"line":252,"column":1}},"line":220},"26":{"name":"_callee7","decl":{"start":{"line":221,"column":96},"end":{"line":221,"column":104}},"loc":{"start":{"line":221,"column":169},"end":{"line":247,"column":3}},"line":221},"27":{"name":"_callee7$","decl":{"start":{"line":223,"column":47},"end":{"line":223,"column":56}},"loc":{"start":{"line":223,"column":68},"end":{"line":246,"column":5}},"line":223},"28":{"name":"(anonymous_28)","decl":{"start":{"line":249,"column":9},"end":{"line":249,"column":10}},"loc":{"start":{"line":249,"column":55},"end":{"line":251,"column":3}},"line":249},"29":{"name":"(anonymous_29)","decl":{"start":{"line":254,"column":21},"end":{"line":254,"column":22}},"loc":{"start":{"line":254,"column":33},"end":{"line":285,"column":1}},"line":254},"30":{"name":"_callee8","decl":{"start":{"line":255,"column":96},"end":{"line":255,"column":104}},"loc":{"start":{"line":255,"column":120},"end":{"line":280,"column":3}},"line":255},"31":{"name":"_callee8$","decl":{"start":{"line":257,"column":47},"end":{"line":257,"column":56}},"loc":{"start":{"line":257,"column":68},"end":{"line":279,"column":5}},"line":257},"32":{"name":"(anonymous_32)","decl":{"start":{"line":282,"column":9},"end":{"line":282,"column":10}},"loc":{"start":{"line":282,"column":31},"end":{"line":284,"column":3}},"line":282},"33":{"name":"(anonymous_33)","decl":{"start":{"line":287,"column":21},"end":{"line":287,"column":22}},"loc":{"start":{"line":287,"column":33},"end":{"line":320,"column":1}},"line":287},"34":{"name":"_callee9","decl":{"start":{"line":288,"column":96},"end":{"line":288,"column":104}},"loc":{"start":{"line":288,"column":136},"end":{"line":315,"column":3}},"line":288},"35":{"name":"_callee9$","decl":{"start":{"line":290,"column":47},"end":{"line":290,"column":56}},"loc":{"start":{"line":290,"column":68},"end":{"line":314,"column":5}},"line":290},"36":{"name":"(anonymous_36)","decl":{"start":{"line":317,"column":9},"end":{"line":317,"column":10}},"loc":{"start":{"line":317,"column":37},"end":{"line":319,"column":3}},"line":317},"37":{"name":"(anonymous_37)","decl":{"start":{"line":322,"column":24},"end":{"line":322,"column":25}},"loc":{"start":{"line":322,"column":36},"end":{"line":348,"column":1}},"line":322},"38":{"name":"_callee10","decl":{"start":{"line":323,"column":97},"end":{"line":323,"column":106}},"loc":{"start":{"line":323,"column":118},"end":{"line":343,"column":3}},"line":323},"39":{"name":"_callee10$","decl":{"start":{"line":325,"column":47},"end":{"line":325,"column":57}},"loc":{"start":{"line":325,"column":70},"end":{"line":342,"column":5}},"line":325},"40":{"name":"(anonymous_40)","decl":{"start":{"line":345,"column":9},"end":{"line":345,"column":10}},"loc":{"start":{"line":345,"column":31},"end":{"line":347,"column":3}},"line":345},"41":{"name":"(anonymous_41)","decl":{"start":{"line":352,"column":21},"end":{"line":352,"column":22}},"loc":{"start":{"line":352,"column":33},"end":{"line":378,"column":1}},"line":352},"42":{"name":"_callee11","decl":{"start":{"line":353,"column":97},"end":{"line":353,"column":106}},"loc":{"start":{"line":353,"column":114},"end":{"line":373,"column":3}},"line":353},"43":{"name":"_callee11$","decl":{"start":{"line":355,"column":47},"end":{"line":355,"column":57}},"loc":{"start":{"line":355,"column":70},"end":{"line":372,"column":5}},"line":355},"44":{"name":"(anonymous_44)","decl":{"start":{"line":375,"column":9},"end":{"line":375,"column":10}},"loc":{"start":{"line":375,"column":25},"end":{"line":377,"column":3}},"line":375}},"branchMap":{"0":{"loc":{"start":{"line":11,"column":46},"end":{"line":11,"column":92}},"type":"cond-expr","locations":[{"start":{"line":11,"column":70},"end":{"line":11,"column":73}},{"start":{"line":11,"column":76},"end":{"line":11,"column":92}}],"line":11},"1":{"loc":{"start":{"line":11,"column":46},"end":{"line":11,"column":67}},"type":"binary-expr","locations":[{"start":{"line":11,"column":46},"end":{"line":11,"column":49}},{"start":{"line":11,"column":53},"end":{"line":11,"column":67}}],"line":11},"2":{"loc":{"start":{"line":34,"column":8},"end":{"line":50,"column":9}},"type":"switch","locations":[{"start":{"line":35,"column":10},"end":{"line":41,"column":87}},{"start":{"line":43,"column":10},"end":{"line":45,"column":50}},{"start":{"line":47,"column":10},"end":{"line":47,"column":17}},{"start":{"line":48,"column":10},"end":{"line":49,"column":35}}],"line":34},"3":{"loc":{"start":{"line":64,"column":8},"end":{"line":80,"column":9}},"type":"switch","locations":[{"start":{"line":65,"column":10},"end":{"line":71,"column":86}},{"start":{"line":73,"column":10},"end":{"line":75,"column":51}},{"start":{"line":77,"column":10},"end":{"line":77,"column":17}},{"start":{"line":78,"column":10},"end":{"line":79,"column":36}}],"line":64},"4":{"loc":{"start":{"line":97,"column":8},"end":{"line":113,"column":9}},"type":"switch","locations":[{"start":{"line":98,"column":10},"end":{"line":101,"column":81}},{"start":{"line":103,"column":10},"end":{"line":108,"column":51}},{"start":{"line":110,"column":10},"end":{"line":110,"column":17}},{"start":{"line":111,"column":10},"end":{"line":112,"column":36}}],"line":97},"5":{"loc":{"start":{"line":130,"column":8},"end":{"line":147,"column":9}},"type":"switch","locations":[{"start":{"line":131,"column":10},"end":{"line":136,"column":95}},{"start":{"line":138,"column":10},"end":{"line":142,"column":51}},{"start":{"line":144,"column":10},"end":{"line":144,"column":17}},{"start":{"line":145,"column":10},"end":{"line":146,"column":36}}],"line":130},"6":{"loc":{"start":{"line":162,"column":8},"end":{"line":179,"column":9}},"type":"switch","locations":[{"start":{"line":163,"column":10},"end":{"line":168,"column":102}},{"start":{"line":170,"column":10},"end":{"line":174,"column":51}},{"start":{"line":176,"column":10},"end":{"line":176,"column":17}},{"start":{"line":177,"column":10},"end":{"line":178,"column":36}}],"line":162},"7":{"loc":{"start":{"line":194,"column":8},"end":{"line":210,"column":9}},"type":"switch","locations":[{"start":{"line":195,"column":10},"end":{"line":198,"column":98}},{"start":{"line":200,"column":10},"end":{"line":205,"column":51}},{"start":{"line":207,"column":10},"end":{"line":207,"column":17}},{"start":{"line":208,"column":10},"end":{"line":209,"column":36}}],"line":194},"8":{"loc":{"start":{"line":225,"column":8},"end":{"line":244,"column":9}},"type":"switch","locations":[{"start":{"line":226,"column":10},"end":{"line":233,"column":126}},{"start":{"line":235,"column":10},"end":{"line":239,"column":51}},{"start":{"line":241,"column":10},"end":{"line":241,"column":17}},{"start":{"line":242,"column":10},"end":{"line":243,"column":36}}],"line":225},"9":{"loc":{"start":{"line":259,"column":8},"end":{"line":277,"column":9}},"type":"switch","locations":[{"start":{"line":260,"column":10},"end":{"line":266,"column":99}},{"start":{"line":268,"column":10},"end":{"line":272,"column":51}},{"start":{"line":274,"column":10},"end":{"line":274,"column":17}},{"start":{"line":275,"column":10},"end":{"line":276,"column":36}}],"line":259},"10":{"loc":{"start":{"line":292,"column":8},"end":{"line":312,"column":9}},"type":"switch","locations":[{"start":{"line":293,"column":10},"end":{"line":301,"column":99}},{"start":{"line":303,"column":10},"end":{"line":307,"column":51}},{"start":{"line":309,"column":10},"end":{"line":309,"column":17}},{"start":{"line":310,"column":10},"end":{"line":311,"column":36}}],"line":292},"11":{"loc":{"start":{"line":327,"column":8},"end":{"line":340,"column":9}},"type":"switch","locations":[{"start":{"line":328,"column":10},"end":{"line":331,"column":104}},{"start":{"line":333,"column":10},"end":{"line":335,"column":52}},{"start":{"line":337,"column":10},"end":{"line":337,"column":17}},{"start":{"line":338,"column":10},"end":{"line":339,"column":37}}],"line":327},"12":{"loc":{"start":{"line":357,"column":8},"end":{"line":370,"column":9}},"type":"switch","locations":[{"start":{"line":358,"column":10},"end":{"line":361,"column":87}},{"start":{"line":363,"column":10},"end":{"line":365,"column":52}},{"start":{"line":367,"column":10},"end":{"line":367,"column":17}},{"start":{"line":368,"column":10},"end":{"line":369,"column":37}}],"line":357}},"s":{"0":1,"1":1,"2":1,"3":1,"4":2,"5":1,"6":1,"7":1,"8":1,"9":1,"10":1,"11":1,"12":1,"13":3,"14":3,"15":1,"16":1,"17":1,"18":1,"19":1,"20":1,"21":1,"22":1,"23":1,"24":1,"25":1,"26":1,"27":2,"28":6,"29":6,"30":2,"31":2,"32":2,"33":2,"34":2,"35":2,"36":2,"37":2,"38":1,"39":2,"40":1,"41":1,"42":1,"43":3,"44":3,"45":1,"46":1,"47":1,"48":1,"49":1,"50":1,"51":1,"52":1,"53":1,"54":1,"55":1,"56":1,"57":3,"58":3,"59":1,"60":1,"61":1,"62":1,"63":1,"64":1,"65":1,"66":1,"67":1,"68":1,"69":1,"70":1,"71":1,"72":3,"73":3,"74":1,"75":1,"76":1,"77":1,"78":1,"79":1,"80":1,"81":1,"82":1,"83":1,"84":1,"85":1,"86":2,"87":6,"88":6,"89":2,"90":2,"91":2,"92":2,"93":2,"94":2,"95":2,"96":1,"97":2,"98":1,"99":1,"100":1,"101":3,"102":3,"103":1,"104":1,"105":1,"106":1,"107":1,"108":1,"109":1,"110":1,"111":1,"112":1,"113":1,"114":1,"115":1,"116":1,"117":3,"118":3,"119":1,"120":1,"121":1,"122":1,"123":1,"124":1,"125":1,"126":1,"127":1,"128":1,"129":1,"130":1,"131":1,"132":1,"133":3,"134":3,"135":1,"136":1,"137":1,"138":1,"139":1,"140":1,"141":1,"142":1,"143":1,"144":1,"145":1,"146":1,"147":1,"148":1,"149":3,"150":3,"151":1,"152":1,"153":1,"154":1,"155":1,"156":1,"157":1,"158":1,"159":1,"160":1,"161":1,"162":3,"163":3,"164":1,"165":1,"166":1,"167":1,"168":1,"169":1,"170":1,"171":1},"f":{"0":2,"1":1,"2":1,"3":3,"4":1,"5":1,"6":2,"7":6,"8":2,"9":1,"10":1,"11":3,"12":1,"13":1,"14":1,"15":3,"16":1,"17":1,"18":1,"19":3,"20":1,"21":1,"22":2,"23":6,"24":2,"25":1,"26":1,"27":3,"28":1,"29":1,"30":1,"31":3,"32":1,"33":1,"34":1,"35":3,"36":1,"37":1,"38":1,"39":3,"40":1,"41":1,"42":1,"43":3,"44":1},"b":{"0":[1,1],"1":[2,2],"2":[1,1,0,1],"3":[2,2,0,2],"4":[1,1,0,1],"5":[1,1,0,1],"6":[1,1,0,1],"7":[2,2,0,2],"8":[1,1,0,1],"9":[1,1,0,1],"10":[1,1,0,1],"11":[1,1,0,1],"12":[1,1,0,1]},"inputSourceMap":{"version":3,"sources":["UserApiActions.js"],"names":["supertest","require","should","baseActions","baseURLMapper","UrlMapper","reqBody","exports","createUser","username","password","role","requestBody","userBody","URL","getBaseURL","console","log","CREATE","sendPOSTRequest","res","loginUser","LOGIN","getUserList","token","sendGETRequest","GETUSER","body","updateUser","sendPUTRequest","EDITUSER","createProduct","productName","cost","amountAvailable","currency","productBody","sendPOSTRequest1","CREATEPRODUCT","getProduct","id","GETPRODUCT","updateProduct","productId","EDITPRODUCT","creditUser","amount","transactionBody","CREDITUSER","buyProduct","products","total_amount","BUYPRODUCT","deleteProduct","sendDELETERequest","DELETEPRODUCT","deleteUser","DELETEUSER"],"mappings":";;;;;;;;;;;;AAAA;AACA;AACA;AACA;AACA;AACA;;AAGA,IAAMA,YAAYC,QAAQ,WAAR,CAAlB;AACA,IAAMC,SAASD,QAAQ,QAAR,CAAf;AACA,IAAME,cAAcF,QAAQ,uBAAR,CAApB;AACA,IAAMG,gBAAgBH,QAAQ,uBAAR,EAAiCI,SAAvD;AACA,IAAMC,UAAUL,QAAQ,uCAAR,CAAhB;;AAGA;;;AAIAM,QAAQC,UAAR;AAAA,sFAAqB,iBAAgBC,QAAhB,EAA0BC,QAA1B,EAAoCC,IAApC;AAAA;AAAA;AAAA;AAAA;AAAA;AACbC,uBADa,GACCN,QAAQO,QAAR,CAAiBJ,QAAjB,EAA2BC,QAA3B,EAAqCC,IAArC,CADD;;AAEnBG,kBAAMX,YAAYY,UAAZ,EAAN;AACAC,oBAAQC,GAAR,CAAYH,MAAMV,cAAcc,MAAhC,EAAwCN,WAAxC;AAHmB;AAAA,mBAIDT,YAAYgB,eAAZ,CAA4BL,GAA5B,EAAiCV,cAAcc,MAA/C,EAAuDN,WAAvD,CAJC;;AAAA;AAIbQ,eAJa;AAAA,6CAKZA,GALY;;AAAA;AAAA;AAAA;AAAA;AAAA;AAAA;AAAA,GAArB;;AAAA;AAAA;AAAA;AAAA;AAOAb,QAAQc,SAAR;AAAA,uFAAoB,kBAAgBZ,QAAhB,EAA0BC,QAA1B;AAAA;AAAA;AAAA;AAAA;AAAA;AACZE,uBADY,GACEN,QAAQO,QAAR,CAAiBJ,QAAjB,EAA2BC,QAA3B,CADF;;AAElBI,kBAAMX,YAAYY,UAAZ,EAAN;AACAC,oBAAQC,GAAR,CAAYH,MAAMV,cAAckB,KAAhC,EAAuCV,WAAvC;AAHkB;AAAA,mBAIAT,YAAYgB,eAAZ,CAA4BL,GAA5B,EAAiCV,cAAckB,KAA/C,EAAsDV,WAAtD,CAJA;;AAAA;AAIZQ,eAJY;AAAA,8CAKXA,GALW;;AAAA;AAAA;AAAA;AAAA;AAAA;AAAA;AAAA,GAApB;;AAAA;AAAA;AAAA;AAAA;;AAQA;;AAEAb,QAAQgB,WAAR;AAAA,uFAAsB,kBAAgBC,KAAhB;AAAA;AAAA;AAAA;AAAA;AAAA;AACpBV,kBAAMX,YAAYY,UAAZ,EAAN;AADoB;AAAA,mBAEFZ,YAAYsB,cAAZ,CAA2BX,GAA3B,EAAgCV,cAAcsB,OAA9C,EAAuDF,KAAvD,CAFE;;AAAA;AAEdJ,eAFc;;AAGpBJ,oBAAQC,GAAR,CAAYG,IAAIO,IAAhB;;AAHoB,8CAKbP,GALa;;AAAA;AAAA;AAAA;AAAA;AAAA;AAAA;AAAA,GAAtB;;AAAA;AAAA;AAAA;AAAA;;AAQA;;AAEAb,QAAQqB,UAAR;AAAA,uFAAqB,kBAAgBnB,QAAhB,EAA0BC,QAA1B,EAAoCC,IAApC,EAA0Ca,KAA1C;AAAA;AAAA;AAAA;AAAA;AAAA;AACbZ,uBADa,GACCN,QAAQO,QAAR,CAAiBJ,QAAjB,EAA2BC,QAA3B,EAAqCC,IAArC,CADD;;AAEnBG,kBAAMX,YAAYY,UAAZ,EAAN;AAFmB;AAAA,mBAGDZ,YAAY0B,cAAZ,CAA2Bf,GAA3B,EAAgCV,cAAc0B,QAA9C,EAAwDlB,WAAxD,EAAqEY,KAArE,CAHC;;AAAA;AAGbJ,eAHa;;AAInBJ,oBAAQC,GAAR,CAAYG,IAAIO,IAAhB;AAJmB,8CAKZP,GALY;;AAAA;AAAA;AAAA;AAAA;AAAA;AAAA;AAAA,GAArB;;AAAA;AAAA;AAAA;AAAA;;AASAb,QAAQwB,aAAR;AAAA,uFAAwB,kBAAgBC,WAAhB,EAA6BC,IAA7B,EAAmCC,eAAnC,EAAoDC,QAApD,EAA8DX,KAA9D;AAAA;AAAA;AAAA;AAAA;AAAA;AAChBZ,uBADgB,GACFN,QAAQ8B,WAAR,CAAoBJ,WAApB,EAAiCC,IAAjC,EAAuCC,eAAvC,EAAwDC,QAAxD,CADE;;AAEtBrB,kBAAMX,YAAYY,UAAZ,EAAN;AAFsB;AAAA,mBAGJZ,YAAYkC,gBAAZ,CAA6BvB,GAA7B,EAAkCV,cAAckC,aAAhD,EAA+D1B,WAA/D,EAA4EY,KAA5E,CAHI;;AAAA;AAGhBJ,eAHgB;;AAItBJ,oBAAQC,GAAR,CAAYG,IAAIO,IAAhB;AAJsB,8CAKfP,GALe;;AAAA;AAAA;AAAA;AAAA;AAAA;AAAA;AAAA,GAAxB;;AAAA;AAAA;AAAA;AAAA;;AAQAb,QAAQgC,UAAR;AAAA,uFAAqB,kBAAgBC,EAAhB,EAAoBhB,KAApB;AAAA;AAAA;AAAA;AAAA;AAAA;AACnBV,kBAAMX,YAAYY,UAAZ,EAAN;AADmB;AAAA,mBAEDZ,YAAYsB,cAAZ,CAA2BX,GAA3B,EAAmCV,cAAcqC,UAAjD,YAAkED,EAAlE,EAAwEhB,KAAxE,CAFC;;AAAA;AAEbJ,eAFa;;AAGnBJ,oBAAQC,GAAR,CAAYG,IAAIO,IAAhB;;AAHmB,8CAKZP,GALY;;AAAA;AAAA;AAAA;AAAA;AAAA;AAAA;AAAA,GAArB;;AAAA;AAAA;AAAA;AAAA;;AAQAb,QAAQmC,aAAR;AAAA,uFAAwB,kBAAgBV,WAAhB,EAA6BC,IAA7B,EAAmCC,eAAnC,EAAoDC,QAApD,EAA8DQ,SAA9D,EAAyEnB,KAAzE;AAAA;AAAA;AAAA;AAAA;AAAA;AAChBZ,uBADgB,GACFN,QAAQ8B,WAAR,CAAoBJ,WAApB,EAAiCC,IAAjC,EAAuCC,eAAvC,EAAwDC,QAAxD,CADE;;AAEtBrB,kBAAMX,YAAYY,UAAZ,EAAN;AACAC,oBAAQC,GAAR,MAAeH,GAAf,GAAqBV,cAAcwC,WAAnC,YAAqDD,SAArD,EAAkE/B,WAAlE;;AAHsB;AAAA,mBAKJT,YAAY0B,cAAZ,CAA2Bf,GAA3B,EAAmCV,cAAcwC,WAAjD,mBAA0ED,SAA1E,EAAuF/B,WAAvF,EAAoGY,KAApG,CALI;;AAAA;AAKhBJ,eALgB;;AAMtBJ,oBAAQC,GAAR,CAAYG,IAAIO,IAAhB;AANsB,8CAOfP,GAPe;;AAAA;AAAA;AAAA;AAAA;AAAA;AAAA;AAAA,GAAxB;;AAAA;AAAA;AAAA;AAAA;;AAUAb,QAAQsC,UAAR;AAAA,uFAAqB,kBAAgBC,MAAhB,EAAwBtB,KAAxB;AAAA;AAAA;AAAA;AAAA;AAAA;AACbZ,uBADa,GACCN,QAAQyC,eAAR,CAAwBD,MAAxB,CADD;;AAEnBhC,kBAAMX,YAAYY,UAAZ,EAAN;AACAC,oBAAQC,GAAR,CAAYL,WAAZ;AAHmB;AAAA,mBAIDT,YAAYkC,gBAAZ,CAA6BvB,GAA7B,EAAkCV,cAAc4C,UAAhD,EAA4DpC,WAA5D,EAAyEY,KAAzE,CAJC;;AAAA;AAIbJ,eAJa;;AAKnBJ,oBAAQC,GAAR,CAAYG,IAAIO,IAAhB;AALmB,8CAMZP,GANY;;AAAA;AAAA;AAAA;AAAA;AAAA;AAAA;AAAA,GAArB;;AAAA;AAAA;AAAA;AAAA;;AASAb,QAAQ0C,UAAR;AAAA,uFAAqB,kBAAgBC,QAAhB,EAA0BC,YAA1B,EAAwC3B,KAAxC;AAAA;AAAA;AAAA;AAAA;AAAA;AACbZ,uBADa,GACC;AAClBsC,gCADkB,EACRC;AADQ,aADD;;AAInBrC,kBAAMX,YAAYY,UAAZ,EAAN;AACAC,oBAAQC,GAAR,CAAYL,WAAZ;AALmB;AAAA,mBAMDT,YAAYkC,gBAAZ,CAA6BvB,GAA7B,EAAkCV,cAAcgD,UAAhD,EAA4DxC,WAA5D,EAAyEY,KAAzE,CANC;;AAAA;AAMbJ,eANa;;AAOnBJ,oBAAQC,GAAR,CAAYG,IAAIO,IAAhB;AAPmB,8CAQZP,GARY;;AAAA;AAAA;AAAA;AAAA;AAAA;AAAA;AAAA,GAArB;;AAAA;AAAA;AAAA;AAAA;;AAYAb,QAAQ8C,aAAR;AAAA,wFAAwB,mBAAgBb,EAAhB,EAAoBhB,KAApB;AAAA;AAAA;AAAA;AAAA;AAAA;AACtBV,kBAAMX,YAAYY,UAAZ,EAAN;AADsB;AAAA,mBAEJZ,YAAYmD,iBAAZ,CAA8BxC,GAA9B,EAAsCV,cAAcmD,aAApD,YAAwEf,EAAxE,EAA8EhB,KAA9E,CAFI;;AAAA;AAEhBJ,eAFgB;AAAA,+CAGfA,GAHe;;AAAA;AAAA;AAAA;AAAA;AAAA;AAAA;AAAA,GAAxB;;AAAA;AAAA;AAAA;AAAA;;AAMA;;AAEAb,QAAQiD,UAAR;AAAA,wFAAqB,mBAAgBhC,KAAhB;AAAA;AAAA;AAAA;AAAA;AAAA;AACnBV,kBAAMX,YAAYY,UAAZ,EAAN;AADmB;AAAA,mBAEDZ,YAAYmD,iBAAZ,CAA8BxC,GAA9B,EAAmCV,cAAcqD,UAAjD,EAA6DjC,KAA7D,CAFC;;AAAA;AAEbJ,eAFa;AAAA,+CAGZA,GAHY;;AAAA;AAAA;AAAA;AAAA;AAAA;AAAA;AAAA,GAArB;;AAAA;AAAA;AAAA;AAAA","file":"UserApiActions.js","sourceRoot":"/Users/macbook/Desktop/CodeTest/server/test/actions/User","sourcesContent":["/* eslint-disable camelcase */\n/* eslint-disable max-len */\n/* eslint-disable func-names */\n/* eslint-disable no-console */\n/* eslint-disable no-global-assign */\n/* eslint-disable no-unused-vars */\n\n\nconst supertest = require('supertest');\nconst should = require('should');\nconst baseActions = require('../common/BaseActions');\nconst baseURLMapper = require('../../../../UrlMapper').UrlMapper;\nconst reqBody = require('../../testData/Payloads/CommonPayload');\n\n\n/** This createUser will help us to create a user with user-id and user name as a request body\n        this request body can be changed as per your project api * */\n\n\nexports.createUser = async function (username, password, role) {\n  const requestBody = reqBody.userBody(username, password, role);\n  URL = baseActions.getBaseURL();\n  console.log(URL + baseURLMapper.CREATE, requestBody);\n  const res = await baseActions.sendPOSTRequest(URL, baseURLMapper.CREATE, requestBody);\n  return res;\n};\nexports.loginUser = async function (username, password) {\n  const requestBody = reqBody.userBody(username, password);\n  URL = baseActions.getBaseURL();\n  console.log(URL + baseURLMapper.LOGIN, requestBody);\n  const res = await baseActions.sendPOSTRequest(URL, baseURLMapper.LOGIN, requestBody);\n  return res;\n};\n\n/** This getUserList will help us in getting all the users that are present in the database * */\n\nexports.getUserList = async function (token) {\n  URL = baseActions.getBaseURL();\n  const res = await baseActions.sendGETRequest(URL, baseURLMapper.GETUSER, token);\n  console.log(res.body);\n\n  return res;\n};\n\n/** This updateUser will help us in updating the user using the user-id * */\n\nexports.updateUser = async function (username, password, role, token) {\n  const requestBody = reqBody.userBody(username, password, role);\n  URL = baseActions.getBaseURL();\n  const res = await baseActions.sendPUTRequest(URL, baseURLMapper.EDITUSER, requestBody, token);\n  console.log(res.body);\n  return res;\n};\n\n\nexports.createProduct = async function (productName, cost, amountAvailable, currency, token) {\n  const requestBody = reqBody.productBody(productName, cost, amountAvailable, currency);\n  URL = baseActions.getBaseURL();\n  const res = await baseActions.sendPOSTRequest1(URL, baseURLMapper.CREATEPRODUCT, requestBody, token);\n  console.log(res.body);\n  return res;\n};\n\nexports.getProduct = async function (id, token) {\n  URL = baseActions.getBaseURL();\n  const res = await baseActions.sendGETRequest(URL, `${baseURLMapper.GETPRODUCT}?id=${id}`, token);\n  console.log(res.body);\n\n  return res;\n};\n\nexports.updateProduct = async function (productName, cost, amountAvailable, currency, productId, token) {\n  const requestBody = reqBody.productBody(productName, cost, amountAvailable, currency);\n  URL = baseActions.getBaseURL();\n  console.log(`${URL}${baseURLMapper.EDITPRODUCT}?id=${productId}`, requestBody);\n\n  const res = await baseActions.sendPUTRequest(URL, `${baseURLMapper.EDITPRODUCT}?productId=${productId}`, requestBody, token);\n  console.log(res.body);\n  return res;\n};\n\nexports.creditUser = async function (amount, token) {\n  const requestBody = reqBody.transactionBody(amount);\n  URL = baseActions.getBaseURL();\n  console.log(requestBody);\n  const res = await baseActions.sendPOSTRequest1(URL, baseURLMapper.CREDITUSER, requestBody, token);\n  console.log(res.body);\n  return res;\n};\n\nexports.buyProduct = async function (products, total_amount, token) {\n  const requestBody = {\n    products, total_amount\n  };\n  URL = baseActions.getBaseURL();\n  console.log(requestBody);\n  const res = await baseActions.sendPOSTRequest1(URL, baseURLMapper.BUYPRODUCT, requestBody, token);\n  console.log(res.body);\n  return res;\n};\n\n\nexports.deleteProduct = async function (id, token) {\n  URL = baseActions.getBaseURL();\n  const res = await baseActions.sendDELETERequest(URL, `${baseURLMapper.DELETEPRODUCT}?id=${id}`, token);\n  return res;\n};\n\n/** This deleteUser will help us in deleting the user using the user-id  DELETEPRODUCT * */\n\nexports.deleteUser = async function (token) {\n  URL = baseActions.getBaseURL();\n  const res = await baseActions.sendDELETERequest(URL, baseURLMapper.DELETEUSER, token);\n  return res;\n};\n"]},"_coverageSchema":"1a1c01bbd47fc00a2c39e90264f33305004495a9","hash":"fdc06cb0d9881777f66b92846daf27ed9995eb78","contentHash":"a87eedfac4cda1a39a3b6f73ad386952a10f82b2c3d46fb7243bfa8f94449c75"},"/Users/macbook/Desktop/CodeTest/server/test/actions/common/BaseActions.js":{"path":"/Users/macbook/Desktop/CodeTest/server/test/actions/common/BaseActions.js","statementMap":{"0":{"start":{"line":3,"column":19},"end":{"line":3,"column":55}},"1":{"start":{"line":5,"column":20},"end":{"line":5,"column":56}},"2":{"start":{"line":7,"column":25},"end":{"line":7,"column":74}},"3":{"start":{"line":9,"column":25},"end":{"line":9,"column":67}},"4":{"start":{"line":11,"column":39},"end":{"line":11,"column":93}},"5":{"start":{"line":16,"column":16},"end":{"line":16,"column":36}},"6":{"start":{"line":17,"column":0},"end":{"line":17,"column":27}},"7":{"start":{"line":18,"column":14},"end":{"line":18,"column":64}},"8":{"start":{"line":23,"column":0},"end":{"line":38,"column":2}},"9":{"start":{"line":24,"column":16},"end":{"line":24,"column":18}},"10":{"start":{"line":25,"column":19},"end":{"line":25,"column":21}},"11":{"start":{"line":26,"column":2},"end":{"line":32,"column":3}},"12":{"start":{"line":27,"column":4},"end":{"line":27,"column":38}},"13":{"start":{"line":28,"column":4},"end":{"line":28,"column":36}},"14":{"start":{"line":29,"column":4},"end":{"line":29,"column":40}},"15":{"start":{"line":31,"column":4},"end":{"line":31,"column":105}},"16":{"start":{"line":33,"column":30},"end":{"line":36,"column":3}},"17":{"start":{"line":37,"column":2},"end":{"line":37,"column":83}},"18":{"start":{"line":42,"column":0},"end":{"line":74,"column":4}},"19":{"start":{"line":43,"column":13},"end":{"line":69,"column":5}},"20":{"start":{"line":45,"column":4},"end":{"line":68,"column":37}},"21":{"start":{"line":46,"column":6},"end":{"line":67,"column":7}},"22":{"start":{"line":47,"column":8},"end":{"line":66,"column":9}},"23":{"start":{"line":49,"column":12},"end":{"line":49,"column":30}},"24":{"start":{"line":50,"column":12},"end":{"line":50,"column":30}},"25":{"start":{"line":51,"column":12},"end":{"line":51,"column":138}},"26":{"start":{"line":54,"column":12},"end":{"line":54,"column":32}},"27":{"start":{"line":55,"column":12},"end":{"line":55,"column":50}},"28":{"start":{"line":58,"column":12},"end":{"line":58,"column":30}},"29":{"start":{"line":59,"column":12},"end":{"line":59,"column":47}},"30":{"start":{"line":61,"column":12},"end":{"line":61,"column":72}},"31":{"start":{"line":65,"column":12},"end":{"line":65,"column":35}},"32":{"start":{"line":71,"column":2},"end":{"line":73,"column":4}},"33":{"start":{"line":72,"column":4},"end":{"line":72,"column":39}},"34":{"start":{"line":78,"column":0},"end":{"line":113,"column":4}},"35":{"start":{"line":79,"column":14},"end":{"line":108,"column":5}},"36":{"start":{"line":81,"column":4},"end":{"line":107,"column":38}},"37":{"start":{"line":82,"column":6},"end":{"line":106,"column":7}},"38":{"start":{"line":83,"column":8},"end":{"line":105,"column":9}},"39":{"start":{"line":85,"column":12},"end":{"line":85,"column":31}},"40":{"start":{"line":87,"column":12},"end":
[...]
e":"switch","locations":[{"start":{"line":123,"column":10},"end":{"line":126,"column":159}},{"start":{"line":128,"column":10},"end":{"line":130,"column":51}},{"start":{"line":132,"column":10},"end":{"line":136,"column":72}},{"start":{"line":138,"column":10},"end":{"line":138,"column":18}},{"start":{"line":139,"column":10},"end":{"line":140,"column":36}}],"line":122},"5":{"loc":{"start":{"line":158,"column":8},"end":{"line":177,"column":9}},"type":"switch","locations":[{"start":{"line":159,"column":10},"end":{"line":162,"column":177}},{"start":{"line":164,"column":10},"end":{"line":166,"column":51}},{"start":{"line":168,"column":10},"end":{"line":172,"column":72}},{"start":{"line":174,"column":10},"end":{"line":174,"column":18}},{"start":{"line":175,"column":10},"end":{"line":176,"column":36}}],"line":158},"6":{"loc":{"start":{"line":194,"column":8},"end":{"line":213,"column":9}},"type":"switch","locations":[{"start":{"line":195,"column":10},"end":{"line":198,"column":162}},{"start":{"line":200,"column":10},"end":{"line":202,"column":51}},{"start":{"line":204,"column":10},"end":{"line":208,"column":75}},{"start":{"line":210,"column":10},"end":{"line":210,"column":18}},{"start":{"line":211,"column":10},"end":{"line":212,"column":36}}],"line":194}},"s":{"0":1,"1":1,"2":1,"3":1,"4":2,"5":1,"6":1,"7":1,"8":1,"9":13,"10":13,"11":13,"12":13,"13":13,"14":13,"15":0,"16":13,"17":13,"18":1,"19":1,"20":3,"21":9,"22":9,"23":3,"24":3,"25":3,"26":3,"27":3,"28":0,"29":0,"30":0,"31":3,"32":1,"33":3,"34":1,"35":1,"36":3,"37":9,"38":9,"39":3,"40":3,"41":3,"42":3,"43":3,"44":3,"45":3,"46":0,"47":0,"48":0,"49":3,"50":1,"51":3,"52":1,"53":1,"54":3,"55":9,"56":9,"57":3,"58":3,"59":3,"60":3,"61":3,"62":0,"63":0,"64":0,"65":3,"66":1,"67":3,"68":1,"69":1,"70":2,"71":6,"72":6,"73":2,"74":2,"75":2,"76":2,"77":2,"78":0,"79":0,"80":0,"81":2,"82":1,"83":2,"84":1,"85":1,"86":2,"87":6,"88":6,"89":2,"90":2,"91":2,"92":2,"93":2,"94":0,"95":0,"96":0,"97":2,"98":1,"99":2},"f":{"0":2,"1":13,"2":1,"3":3,"4":9,"5":3,"6":1,"7":3,"8":9,"9":3,"10":1,"11":3,"12":9,"13":3,"14":1,"15":2,"16":6,"17":2,"18":1,"19":2,"20":6,"21":2},"b":{"0":[1,1],"1":[2,2],"2":[3,3,0,0,3],"3":[3,3,0,0,3],"4":[3,3,0,0,3],"5":[2,2,0,0,2],"6":[2,2,0,0,2]},"inputSourceMap":{"version":3,"sources":["BaseActions.js"],"names":["supertest","require","config","headers","myHeaders","exports","getBaseURL","baseURL","baseURLExt","process","env","ENVIRONMENT","ENVEXT","console","log","err","Error","BaseURLSpecifications","BASE_URL","BASE_URL_EXTENSION","sendPOSTRequest","baseUrl","apiEndPoint","requestBody","post","retry","set","ACCEPT_JSON","APPLICATION_JSON","send","res","sendPOSTRequest1","token","sendGETRequest","get","sendPUTRequest","put","sendDELETERequest","delete"],"mappings":";;;;;;;;;;;;AAAA;AACA;;AAGA,IAAMA,YAAYC,QAAQ,WAAR,CAAlB;AACAA,QAAQ,QAAR,EAAkBC,MAAlB;AACA,IAAMC,UAAUF,QAAQ,+BAAR,EAAyCG,SAAzD;;AAGA;;;AAGAC,QAAQC,UAAR,GAAqB,YAAM;AACzB,MAAIC,UAAU,EAAd;AACA,MAAIC,aAAa,EAAjB;AACA,MAAI;AACFD,cAAUE,QAAQC,GAAR,CAAYC,WAAtB;AACAH,iBAAaC,QAAQC,GAAR,CAAYE,MAAzB;AACAC,YAAQC,GAAR,gBAAyBP,OAAzB;AACD,GAJD,CAIE,OAAOQ,GAAP,EAAY;AACZ,UAAM,IAAIC,KAAJ,6DAAoEP,QAAQC,GAAR,CAAYC,WAAhF,CAAN;AACD;AACD,MAAMM,wBAAwB;AAC5BC,cAAUX,OADkB,EACT;AACnBY,wBAAoBX,UAFQ,CAEI;AAFJ,GAA9B;AAIA,SAAOS,sBAAsBC,QAAtB,GAAiCD,sBAAsBE,kBAA9D;AACD,CAfD;;AAiBA;;AAEAd,QAAQe,eAAR;AAAA,sFAA0B,iBAAOC,OAAP,EAAgBC,WAAhB,EAA6BC,WAA7B;AAAA;AAAA;AAAA;AAAA;AAAA;AAAA;AAAA;AAAA,mBAEJvB,UAAUqB,OAAV,EAAmBG,IAAnB,CAAwBF,WAAxB,EAAqCG,KAArC,CAA2C,CAA3C,EACfC,GADe,CACXvB,QAAQwB,WADG,EAEfD,GAFe,CAEXvB,QAAQyB,gBAFG,EAGfC,IAHe,CAGVN,WAHU,CAFI;;AAAA;AAEhBO,eAFgB;AAAA,6CAMfA,GANe;;AAAA;AAAA;AAAA;;AAQtBjB,oBAAQC,GAAR,CAAY,iCAAZ;;AARsB;AAAA;AAAA;AAAA;AAAA;AAAA;AAAA,GAA1B;;AAAA;AAAA;AAAA;AAAA;;AAYA;;AAEAT,QAAQ0B,gBAAR;AAAA,uFAA2B,kBAAOV,OAAP,EAAgBC,WAAhB,EAA6BC,WAA7B,EAA0CS,KAA1C;AAAA;AAAA;AAAA;AAAA;AAAA;AAAA;;AAEvBnB,oBAAQC,GAAR,CAAYkB,KAAZ;AACAnB,oBAAQC,GAAR,CAAYO,UAAUC,WAAtB;AAHuB;AAAA,mBAILtB,UAAU,EAAV,EAAcwB,IAAd,CAAmBH,UAAUC,WAA7B,EAA0CG,KAA1C,CAAgD,CAAhD,EACfC,GADe,CACXvB,QAAQwB,WADG,EAEfD,GAFe,CAEXvB,QAAQyB,gBAFG,EAGfF,GAHe,CAGX,eAHW,aAGeM,KAHf,EAIfH,IAJe,CAIVN,WAJU,CAJK;;AAAA;AAIjBO,eAJiB;AAAA,8CAShBA,GATgB;;AAAA;AAAA;AAAA;;AAWvBjB,oBAAQC,GAAR,CAAY,iCAAZ;;AAXuB;AAAA;AAAA;AAAA;AAAA;AAAA;AAAA,GAA3B;;AAAA;AAAA;AAAA;AAAA;;AAeA;;AAEAT,QAAQ4B,cAAR;AAAA,uFAAyB,kBAAOZ,OAAP,EAAgBC,WAAhB,EAA6BU,KAA7B;AAAA;AAAA;AAAA;AAAA;AAAA;AAAA;AAAA;AAAA,mBAEHhC,UAAUqB,OAAV,EAAmBa,GAAnB,CAAuBZ,WAAvB,EAAoCG,KAApC,CAA0C,CAA1C,EACfC,GADe,CACXvB,QAAQwB,WADG,EAEfD,GAFe,CAEXvB,QAAQyB,gBAFG,EAGfF,GAHe,CAGX,eAHW,cAGgBM,KAHhB,CAFG;;AAAA;AAEfF,eAFe;AAAA,8CAMdA,GANc;;AAAA;AAAA;AAAA;;AAQrBjB,oBAAQC,GAAR,CAAY,gCAAZ;;AARqB;AAAA;AAAA;AAAA;AAAA;AAAA;AAAA,GAAzB;;AAAA;AAAA;AAAA;AAAA;;AAYA;;AAEAT,QAAQ8B,cAAR;AAAA,uFAAyB,kBAAOd,OAAP,EAAgBC,WAAhB,EAA6BC,WAA7B,EAA0CS,KAA1C;AAAA;AAAA;AAAA;AAAA;AAAA;AAAA;AAAA;AAAA,mBAEHhC,UAAUqB,OAAV,EAAmBe,GAAnB,CAAuBd,WAAvB,EAAoCG,KAApC,CAA0C,CAA1C,EACfC,GADe,CACXvB,QAAQwB,WADG,EAEfD,GAFe,CAEXvB,QAAQyB,gBAFG,EAGfF,GAHe,CAGX,eAHW,cAGgBM,KAHhB,EAIfH,IAJe,CAIVN,WAJU,CAFG;;AAAA;AAEfO,eAFe;AAAA,8CAOdA,GAPc;;AAAA;AAAA;AAAA;;AASrBjB,oBAAQC,GAAR,CAAY,gCAAZ;;AATqB;AAAA;AAAA;AAAA;AAAA;AAAA;AAAA,GAAzB;;AAAA;AAAA;AAAA;AAAA;;AAaA;;AAEAT,QAAQgC,iBAAR;AAAA,uFAA4B,kBAAOhB,OAAP,EAAgBC,WAAhB,EAA6BU,KAA7B;AAAA;AAAA;AAAA;AAAA;AAAA;AAAA;AAAA;AAAA,mBAENhC,UAAUqB,OAAV,EAAmBiB,MAAnB,CAA0BhB,WAA1B,EAAuCG,KAAvC,CAA6C,CAA7C,EACfC,GADe,CACXvB,QAAQwB,WADG,EAEfD,GAFe,CAEXvB,QAAQyB,gBAFG,EAGfF,GAHe,CAGX,eAHW,cAGgBM,KAHhB,CAFM;;AAAA;AAElBF,eAFkB;AAAA,8CAMjBA,GANiB;;AAAA;AAAA;AAAA;;AAQxBjB,oBAAQC,GAAR,CAAY,mCAAZ;;AARwB;AAAA;AAAA;AAAA;AAAA;AAAA;AAAA,GAA5B;;AAAA;AAAA;AAAA;AAAA","file":"BaseActions.js","sourceRoot":"/Users/macbook/Desktop/CodeTest/server/test/actions/common","sourcesContent":["/* eslint-disable no-console */\n/* eslint-disable max-len */\n\n\nconst supertest = require('supertest');\nrequire('dotenv').config();\nconst headers = require('../../testData/DefaultHeaders').myHeaders;\n\n\n/** This getBaseUrl will help you in dynamically assigning the baseurl and baseurl extension to the ENVIRONMENT and ENVEXT variable\n        for more information about env var read the Readme file * */\n\nexports.getBaseURL = () => {\n  let baseURL = '';\n  let baseURLExt = '';\n  try {\n    baseURL = process.env.ENVIRONMENT;\n    baseURLExt = process.env.ENVEXT;\n    console.log(`BaseURL : ${baseURL}`);\n  } catch (err) {\n    throw new Error(`BASE URL is not Defined, Please Specify the BASE URL : ${process.env.ENVIRONMENT}`);\n  }\n  const BaseURLSpecifications = {\n    BASE_URL: baseURL, // baseUrl(Ex:'https://27.158.126.894/')\n    BASE_URL_EXTENSION: baseURLExt, // baseUrl_ext(Ex:'api/v1/')\n  };\n  return BaseURLSpecifications.BASE_URL + BaseURLSpecifications.BASE_URL_EXTENSION;\n};\n\n/** This sendPOSTRequest can be used when you dont need to pass a token while performing a POST operation * */\n\nexports.sendPOSTRequest = async (baseUrl, apiEndPoint, requestBody) => {\n  try {\n    const res = await supertest(baseUrl).post(apiEndPoint).retry(2)\n      .set(headers.ACCEPT_JSON)\n      .set(headers.APPLICATION_JSON)\n      .send(requestBody);\n    return res;\n  } catch (err) {\n    console.log('Error in sending POST Request: ', err);\n  }\n};\n\n/** This sendPOSTRequest1 can be used when you will be passing a token and body params while performing a POST operation * */\n\nexports.sendPOSTRequest1 = async (baseUrl, apiEndPoint, requestBody, token) => {\n  try {\n    console.log(token);\n    console.log(baseUrl + apiEndPoint);\n    const res = await supertest('').post(baseUrl + apiEndPoint).retry(2)\n      .set(headers.ACCEPT_JSON)\n      .set(headers.APPLICATION_JSON)\n      .set('Authorization', `Token ${token}`)\n      .send(requestBody);\n    return res;\n  } catch (err) {\n    console.log('Error in sending POST Request: ', err);\n  }\n};\n\n/** This sendGETRequest can be used when you will be passing a token while performing a GET operation * */\n\nexports.sendGETRequest = async (baseUrl, apiEndPoint, token) => {\n  try {\n    const res = await supertest(baseUrl).get(apiEndPoint).retry(2)\n      .set(headers.ACCEPT_JSON)\n      .set(headers.APPLICATION_JSON)\n      .set('Authorization', `Bearer ${token}`);\n    return res;\n  } catch (err) {\n    console.log('Error in sending GET Request: ', err);\n  }\n};\n\n/** This sendPUTRequest can be used when you will be passing a token and body params while performing a PUT operation * */\n\nexports.sendPUTRequest = async (baseUrl, apiEndPoint, requestBody, token) => {\n  try {\n    const res = await supertest(baseUrl).put(apiEndPoint).retry(2)\n      .set(headers.ACCEPT_JSON)\n      .set(headers.APPLICATION_JSON)\n      .set('Authorization', `Bearer ${token}`)\n      .send(requestBody);\n    return res;\n  } catch (err) {\n    console.log('Error in sending PUT Request: ', err);\n  }\n};\n\n/** This sendDELETERequest can be used when you will be passing a token while performing a DELETE operation * */\n\nexports.sendDELETERequest = async (baseUrl, apiEndPoint, token) => {\n  try {\n    const res = await supertest(baseUrl).delete(apiEndPoint).retry(2)\n      .set(headers.ACCEPT_JSON)\n      .set(headers.APPLICATION_JSON)\n      .set('Authorization', `Bearer ${token}`);\n    return res;\n  } catch (err) {\n    console.log('Error in sending DELETE Request: ', err);\n  }\n};\n"]},"_coverageSchema":"1a1c01bbd47fc00a2c39e90264f33305004495a9","hash":"86247dca0bee9ab7bbb12571215e2e2fcc3f2bb4","contentHash":"58176dcace4a5bdbd3576cfed3c791acb9f894464cb666c3e24bcc7acd30abbf"},"/Users/macbook/Desktop/CodeTest/server/test/testData/DefaultHeaders.js":{"path":"/Users/macbook/Desktop/CodeTest/server/test/testData/DefaultHeaders.js","statementMap":{"0":{"start":{"line":5,"column":0},"end":{"line":8,"column":2}},"1":{"start":{"line":12,"column":0},"end":{"line":16,"column":2}}},"fnMap":{},"branchMap":{},"s":{"0":1,"1":1},"f":{},"b":{},"inputSourceMap":{"version":3,"sources":["DefaultHeaders.js"],"names":["exports","myHeaders","APPLICATION_JSON","ACCEPT_JSON","Accept","statusMessages","SUCCESS","FAILURE","ERROR"],"mappings":";;AAAA;;AAEAA,QAAQC,SAAR,GAAoB;AAClBC,oBAAkB,EAAE,gBAAgB,kBAAlB,EADA;AAElBC,eAAa,EAAEC,QAAQ,kBAAV;AAFK,CAApB;;AAKA;;AAEAJ,QAAQK,cAAR,GAAyB;AACvBC,WAAS,SADc;AAEvBC,WAAS,SAFc;AAGvBC,SAAO;AAHgB,CAAzB","file":"DefaultHeaders.js","sourceRoot":"/Users/macbook/Desktop/CodeTest/server/test/testData","sourcesContent":["/** My Headers is used most commonly in all the CRUD operations of Api's. * */\n\nexports.myHeaders = {\n  APPLICATION_JSON: { 'Content-Type': 'application/json' },\n  ACCEPT_JSON: { Accept: 'application/json' },\n};\n\n/** Status messages helps us to assert with the response status Messages * */\n\nexports.statusMessages = {\n  SUCCESS: 'SUCCESS',\n  FAILURE: 'FAILURE',\n  ERROR: 'ERROR',\n};\n"]},"_coverageSchema":"1a1c01bbd47fc00a2c39e90264f33305004495a9","hash":"be06867b5df5b218c0e5f7dbfa46acc69c3f7fe9","contentHash":"084f763666f8822b3bffe65198c594325cc46926bf99049c6343f83647e687d1"},"/Users/macbook/Desktop/CodeTest/UrlMapper.js":{"path":"/Users/macbook/Desktop/CodeTest/UrlMapper.js","statementMap":{"0":{"start":{"line":5,"column":0},"end":{"line":19,"column":2}}},"fnMap":{},"branchMap":{},"s":{"0":1},"f":{},"b":{},"inputSourceMap":{"version":3,"sources":["UrlMapper.js"],"names":["exports","UrlMapper","LOGIN","GETUSER","CREATE","EDITUSER","DELETEUSER","CREATEPRODUCT","GETPRODUCT","EDITPRODUCT","DELETEPRODUCT","CREDITUSER","BUYPRODUCT","RESETDEPOSIT"],"mappings":";;AAAA;;AAEAA,QAAQC,SAAR,GAAoB;AAClBC,SAAO,aADW;AAElBC,WAAS,WAFS;AAGlBC,UAAQ,eAHU;AAIlBC,YAAU,YAJQ;AAKlBC,cAAY,cALM;AAMlBC,iBAAe,iBANG;AAOlBC,cAAY,cAPM;AAQlBC,eAAa,eARK;AASlBC,iBAAe,iBATG;AAUlBC,cAAY,sBAVM;AAWlBC,cAAY,kBAXM;AAYlBC,gBAAc;;AAZI,CAApB","file":"UrlMapper.js","sourceRoot":"/Users/macbook/Desktop/CodeTest","sourcesContent":["/** This urlMapper file is used to keep all your Api-url end points in a single place. * */\n\nexports.UrlMapper = {\n  LOGIN: '/user/login',\n  GETUSER: '/user/get',\n  CREATE: '/user/create/',\n  EDITUSER: '/user/edit',\n  DELETEUSER: '/user/delete',\n  CREATEPRODUCT: '/product/create',\n  GETPRODUCT: '/product/get',\n  EDITPRODUCT: '/product/edit',\n  DELETEPRODUCT: '/product/delete',\n  CREDITUSER: '/transaction/deposit',\n  BUYPRODUCT: '/transaction/buy',\n  RESETDEPOSIT: '/transaction/reset',\n\n};\n"]},"_coverageSchema":"1a1c01bbd47fc00a2c39e90264f33305004495a9","hash":"f147175bcb20c705c528ae375d068eb4c9c0067a","contentHash":"df9e10ec9ea88b47ad3b9a0f6f3570bde69a18b5c82a0a09a7f0ff6279b8abce"},"/Users/macbook/Desktop/CodeTest/server/test/testData/Payloads/CommonPayload.js":{"path":"/Users/macbook/Desktop/CodeTest/server/test/testData/Payloads/CommonPayload.js","statementMap":{"0":{"start":{"line":7,"column":0},"end":{"line":14,"column":2}},"1":{"start":{"line":8,"column":2},"end":{"line":13,"column":4}},"2":{"start":{"line":16,"column":0},"end":{"line":22,"column":2}},"3":{"start":{"line":17,"column":2},"end":{"line":21,"column":4}},"4":{"start":{"line":24,"column":0},"end":{"line":31,"column":2}},"5":{"start":{"line":25,"column":2},"end":{"line":30,"column":4}},"6":{"start":{"line":33,"column":0},"end":{"line":37,"column":2}},"7":{"start":{"line":34,"column":2},"end":{"line":36,"column":4}},"8":{"start":{"line":39,"column":0},"end":{"line":44,"column":2}},"9":{"start":{"line":40,"column":2},"end":{"line":43,"column":4}}},"fnMap":{"0":{"name":"(anonymous_0)","decl":{"start":{"line":7,"column":25},"end":{"line":7,"column":26}},"loc":{"start":{"line":7,"column":55},"end":{"line":14,"column":1}},"line":7},"1":{"name":"(anonymous_1)","decl":{"start":{"line":16,"column":19},"end":{"line":16,"column":20}},"loc":{"start":{"line":16,"column":55},"end":{"line":22,"column":1}},"line":16},"2":{"name":"(anonymous_2)","decl":{"start":{"line":24,"column":22},"end":{"line":24,"column":23}},"loc":{"start":{"line":24,"column":78},"end":{"line":31,"column":1}},"line":24},"3":{"name":"(anonymous_3)","decl":{"start":{"line":33,"column":26},"end":{"line":33,"column":27}},"loc":{"start":{"line":33,"column":44},"end":{"line":37,"column":1}},"line":33},"4":{"name":"(anonymous_4)","decl":{"start":{"line":39,"column":23},"end":{"line":39,"column":24}},"loc":{"start":{"line":39,"column":57},"end":{"line":44,"column":1}},"line":39}},"branchMap":{},"s":{"0":1,"1":0,"2":1,"3":4,"4":1,"5":2,"6":1,"7":1,"8":1,"9":0},"f":{"0":0,"1":4,"2":2,"3":1,"4":0},"b":{},"inputSourceMap":{"version":3,"sources":["CommonPayload.js"],"names":["exports","getRequestBody","username","password","user","userBody","role","productBody","productName","cost","amountAvailable","currency","transactionBody","amount","purchaseBody","products","total_amount"],"mappings":";;AAAA;AACA;;;AAGAA,QAAQC,cAAR,GAAyB,UAACC,QAAD,EAAWC,QAAX;AAAA,SAAyB;AAChDC,UAAM;AACJF,wBADI;AAEJC;AAFI;AAD0C,GAAzB;AAAA,CAAzB;;AAOAH,QAAQK,QAAR,GAAmB,UAACH,QAAD,EAAWC,QAAX,EAAqBG,IAArB;AAAA,SAA+B;AAChDJ,sBADgD;AAEhDC,sBAFgD;AAGhDG;AAHgD,GAA/B;AAAA,CAAnB;;AAMAN,QAAQO,WAAR,GAAsB,UAACC,WAAD,EAAcC,IAAd,EAAoBC,eAApB,EAAqCC,QAArC;AAAA,SAAmD;AACvEH,4BADuE;AAEvEC,cAFuE;AAGvEC,oCAHuE;AAIvEC;AAJuE,GAAnD;AAAA,CAAtB;;AAQAX,QAAQY,eAAR,GAA0B;AAAA,SAAW;AACnCC;AADmC,GAAX;AAAA,CAA1B;;AAKAb,QAAQc,YAAR,GAAuB,UAACC,QAAD,EAAWC,YAAX;AAAA,SAA6B;AAClDD,sBADkD;AAElDC;AAFkD,GAA7B;AAAA,CAAvB","file":"CommonPayload.js","sourceRoot":"/Users/macbook/Desktop/CodeTest/server/test/testData/Payloads","sourcesContent":["/* eslint-disable camelcase */\n/** This module is user for creating the Body Structure\n       this needs to be modified according to the api body structure * */\n\nexports.getRequestBody = (username, password) => ({\n  user: {\n    username,\n    password\n  }\n});\n\nexports.userBody = (username, password, role) => ({\n  username,\n  password,\n  role\n});\n\nexports.productBody = (productName, cost, amountAvailable, currency) => ({\n  productName,\n  cost,\n  amountAvailable,\n  currency\n});\n\n\nexports.transactionBody = amount => ({\n  amount\n});\n\n\nexports.purchaseBody = (products, total_amount) => ({\n  products,\n  total_amount\n});\n"]},"_coverageSchema":"1a1c01bbd47fc00a2c39e90264f33305004495a9","hash":"85651f85013173c3ef56e8df7de891fca1d1f785","contentHash":"1c7056d306b6a30c8d13d866c3cf45bfca3d674fcc7539cb91fb28570588a666"},"/Users/macbook/Desktop/CodeTest/server/test/testData/LoginUserInfo.js":{"path":"/Users/macbook/Desktop/CodeTest/server/test/testData/LoginUserInfo.js","statementMap":{"0":{"start":{"line":3,"column":15},"end":{"line":3,"column":54}},"1":{"start":{"line":7,"column":0},"end":{"line":12,"column":2}}},"fnMap":{},"branchMap":{},"s":{"0":1,"1":1},"f":{},"b":{},"inputSourceMap":{"version":3,"sources":["LoginUserInfo.js"],"names":["randchar","Math","random","toString","substr","exports","UserLoginData","VALID_USER_CREDENTIALS","username","password","INVALID_USER_CREDENTIALS","USER_DETAILS","role"],"mappings":";;AAAA,IAAMA,WAAWC,KAAKC,MAAL,GAAcC,QAAd,CAAuB,EAAvB,EAA2BC,MAA3B,CAAkC,CAAlC,EAAqC,CAArC,CAAjB;;AAEA;;AAEAC,QAAQC,aAAR,GAAwB;AACtBC,0BAAwB,EAAEC,UAAU,OAAZ,EAAqBC,UAAU,wBAA/B,EADF;AAEtBC,4BAA0B,EAAEF,UAAaR,QAAb,gBAAF,EAAsCS,UAAU,UAAhD,EAFJ;AAGtBE,gBAAc,EAAEH,eAAaR,QAAf,EAA2BS,eAAaT,QAAxC,EAAoDY,MAAM,QAA1D;;AAHQ,CAAxB","file":"LoginUserInfo.js","sourceRoot":"/Users/macbook/Desktop/CodeTest/server/test/testData","sourcesContent":["const randchar = Math.random().toString(36).substr(2, 5);\n\n/** This module is user for creating the User Data * */\n\nexports.UserLoginData = {\n  VALID_USER_CREDENTIALS: { username: 'test2', password: 'Hfdsjgjdsgdsjhkjjksdgk' },\n  INVALID_USER_CREDENTIALS: { username: `${randchar}@hjcsjh.com`, password: 'Password' },\n  USER_DETAILS: { username: `${randchar}`, password: `${randchar}`, role: 'Seller' }\n\n};\n"]},"_coverageSchema":"1a1c01bbd47fc00a2c39e90264f33305004495a9","hash":"989dab4b67e21c9008dbae633bf2a8ac393ff649","contentHash":"58a1ce60e644ee4d2d6f39e0b9dfdc753420f2d4de1762d7be4319aa9e0d9e0c"},"/Users/macbook/Desktop/CodeTest/server/test/testData/ProductInfo.js":{"path":"/Users/macbook/Desktop/CodeTest/server/test/testData/ProductInfo.js","statementMap":{"0":{"start":{"line":3,"column":15},"end":{"line":3,"column":54}},"1":{"start":{"line":7,"column":0},"end":{"line":12,"column":2}},"2":{"start":{"line":14,"column":0},"end":{"line":18,"column":2}},"3":{"start":{"line":20,"column":0},"end":{"line":28,"column":2}}},"fnMap":{},"branchMap":{},"s":{"0":1,"1":1,"2":1,"3":1},"f":{},"b":{},"inputSourceMap":{"version":3,"sources":["ProductInfo.js"],"names":["randchar","Math","random","toString","substr","exports","ProductData","PRODUCT_DETAILS","productName","cost","amountAvailable","currency","TransactionBody","TRANSACTION_DETAILS","amount","PurchaseBody","PURCHASE_DETAILS","products","productId","numberOfItem","total_amount"],"mappings":";;AAAA,IAAMA,WAAWC,KAAKC,MAAL,GAAcC,QAAd,CAAuB,EAAvB,EAA2BC,MAA3B,CAAkC,CAAlC,EAAqC,CAArC,CAAjB;;AAEA;;AAEAC,QAAQC,WAAR,GAAsB;AACpBC,mBAAiB;AACfC,sBAAgBR,QADD,EACaS,MAAM,EADnB,EACuBC,iBAAiB,EADxC,EAC4CC,UAAU;AADtD;;AADG,CAAtB;;AAOAN,QAAQO,eAAR,GAA0B;AACxBC,uBAAqB;AACnBC,YAAQ;AADW;AADG,CAA1B;;AAMAT,QAAQU,YAAR,GAAuB;AACrBC,oBAAkB;AAChBC,cAAU,CACR;AACEC,iBAAW,0BADb;AAEEC,oBAAc;AAFhB,KADQ,CADM;AAOhBC,kBAAc;AAPE;AADG,CAAvB","file":"ProductInfo.js","sourceRoot":"/Users/macbook/Desktop/CodeTest/server/test/testData","sourcesContent":["const randchar = Math.random().toString(36).substr(2, 5);\n\n/** This module is user for creating the User Data * */\n\nexports.ProductData = {\n  PRODUCT_DETAILS: {\n    productName: `${randchar}`, cost: 30, amountAvailable: 60, currency: 'Coin'\n  }\n\n};\n\nexports.TransactionBody = {\n  TRANSACTION_DETAILS: {\n    amount: 100\n  }\n};\n\nexports.PurchaseBody = {\n  PURCHASE_DETAILS: {\n    products: [\n      {\n        productId: '6169c8ca4281ef2f68e85170',\n        numberOfItem: 2\n      }\n    ],\n    total_amount: 400\n  }\n};\n"]},"_coverageSchema":"1a1c01bbd47fc00a2c39e90264f33305004495a9","hash":"3cddc07d5326211cca93f4fa94d11c10ac5e6640","contentHash":"174f087cc6f64ccc33d8bd43d989ebc30dc8713bc485d29f334889994aea4f12"}}